This is pdfTeX, Version 3.14159265-2.6-1.40.21 (TeX Live 2020) (preloaded format=pdflatex 2020.4.7)  20 OCT 2020 23:54
entering extended mode
 restricted \write18 enabled.
 %&-line parsing enabled.
**figures_outline_d17.tex
(./figures_outline_d17.tex
LaTeX2e <2020-02-02> patch level 5
L3 programming layer <2020-03-06>
(/usr/local/texlive/2020/texmf-dist/tex/latex/base/article.cls
Document Class: article 2019/12/20 v1.4l Standard LaTeX document class
(/usr/local/texlive/2020/texmf-dist/tex/latex/base/size10.clo
File: size10.clo 2019/12/20 v1.4l Standard LaTeX file (size option)
)
\c@part=\count167
\c@section=\count168
\c@subsection=\count169
\c@subsubsection=\count170
\c@paragraph=\count171
\c@subparagraph=\count172
\c@figure=\count173
\c@table=\count174
\abovecaptionskip=\skip47
\belowcaptionskip=\skip48
\bibindent=\dimen134
)
(/usr/local/texlive/2020/texmf-dist/tex/latex/blindtext/blindtext.sty
Package: blindtext 2012/01/06 V2.0 blindtext-Package

(/usr/local/texlive/2020/texmf-dist/tex/latex/tools/xspace.sty
Package: xspace 2014/10/28 v1.13 Space after command names (DPC,MH)
)
\c@blindtext=\count175
\c@Blindtext=\count176
\c@blind@countparstart=\count177
\blind@countxx=\count178
\blindtext@numBlindtext=\count179
\blind@countyy=\count180
\c@blindlist=\count181
\c@blindlistlevel=\count182
\c@blindlist@level=\count183
\blind@listitem=\count184
\c@blind@listcount=\count185
\c@blind@levelcount=\count186
\blind@mathformula=\count187
\blind@Mathformula=\count188
\c@blind@randomcount=\count189
\c@blind@randommax=\count190
\c@blind@pangramcount=\count191
\c@blind@pangrammax=\count192
)
(/usr/local/texlive/2020/texmf-dist/tex/latex/preprint/authblk.sty
Package: authblk 2001/02/27 1.3 (PWD)
\affilsep=\skip49
\@affilsep=\skip50
\c@Maxaffil=\count193
\c@authors=\count194
\c@affil=\count195
)
(/usr/local/texlive/2020/texmf-dist/tex/latex/tools/tabularx.sty
Package: tabularx 2020/01/15 v2.11c `tabularx' package (DPC)

(/usr/local/texlive/2020/texmf-dist/tex/latex/tools/array.sty
Package: array 2019/08/31 v2.4l Tabular extension package (FMi)
\col@sep=\dimen135
\ar@mcellbox=\box45
\extrarowheight=\dimen136
\NC@list=\toks15
\extratabsurround=\skip51
\backup@length=\skip52
\ar@cellbox=\box46
)
\TX@col@width=\dimen137
\TX@old@table=\dimen138
\TX@old@col=\dimen139
\TX@target=\dimen140
\TX@delta=\dimen141
\TX@cols=\count196
\TX@ftn=\toks16
)
(/usr/local/texlive/2020/texmf-dist/tex/latex/base/textcomp.sty
Package: textcomp 2020/02/02 v2.0n Standard LaTeX package
)
(/usr/local/texlive/2020/texmf-dist/tex/latex/was/gensymb.sty
Package: gensymb 2003/07/02 v1.0 (WaS)
)
(/usr/local/texlive/2020/texmf-dist/tex/latex/amsmath/amsmath.sty
Package: amsmath 2020/01/20 v2.17e AMS math features
\@mathmargin=\skip53

For additional information on amsmath, use the `?' option.
(/usr/local/texlive/2020/texmf-dist/tex/latex/amsmath/amstext.sty
Package: amstext 2000/06/29 v2.01 AMS text

(/usr/local/texlive/2020/texmf-dist/tex/latex/amsmath/amsgen.sty
File: amsgen.sty 1999/11/30 v2.0 generic functions
\@emptytoks=\toks17
\ex@=\dimen142
))
(/usr/local/texlive/2020/texmf-dist/tex/latex/amsmath/amsbsy.sty
Package: amsbsy 1999/11/29 v1.2d Bold Symbols
\pmbraise@=\dimen143
)
(/usr/local/texlive/2020/texmf-dist/tex/latex/amsmath/amsopn.sty
Package: amsopn 2016/03/08 v2.02 operator names
)
\inf@bad=\count197
LaTeX Info: Redefining \frac on input line 227.
\uproot@=\count198
\leftroot@=\count199
LaTeX Info: Redefining \overline on input line 389.
\classnum@=\count266
\DOTSCASE@=\count267
LaTeX Info: Redefining \ldots on input line 486.
LaTeX Info: Redefining \dots on input line 489.
LaTeX Info: Redefining \cdots on input line 610.
\Mathstrutbox@=\box47
\strutbox@=\box48
\big@size=\dimen144
LaTeX Font Info:    Redeclaring font encoding OML on input line 733.
LaTeX Font Info:    Redeclaring font encoding OMS on input line 734.
\macc@depth=\count268
\c@MaxMatrixCols=\count269
\dotsspace@=\muskip16
\c@parentequation=\count270
\dspbrk@lvl=\count271
\tag@help=\toks18
\row@=\count272
\column@=\count273
\maxfields@=\count274
\andhelp@=\toks19
\eqnshift@=\dimen145
\alignsep@=\dimen146
\tagshift@=\dimen147
\tagwidth@=\dimen148
\totwidth@=\dimen149
\lineht@=\dimen150
\@envbody=\toks20
\multlinegap=\skip54
\multlinetaggap=\skip55
\mathdisplay@stack=\toks21
LaTeX Info: Redefining \[ on input line 2859.
LaTeX Info: Redefining \] on input line 2860.
)
(/usr/local/texlive/2020/texmf-dist/tex/latex/graphics/graphicx.sty
Package: graphicx 2019/11/30 v1.2a Enhanced LaTeX Graphics (DPC,SPQR)

(/usr/local/texlive/2020/texmf-dist/tex/latex/graphics/keyval.sty
Package: keyval 2014/10/28 v1.15 key=value parser (DPC)
\KV@toks@=\toks22
)
(/usr/local/texlive/2020/texmf-dist/tex/latex/graphics/graphics.sty
Package: graphics 2019/11/30 v1.4a Standard LaTeX Graphics (DPC,SPQR)

(/usr/local/texlive/2020/texmf-dist/tex/latex/graphics/trig.sty
Package: trig 2016/01/03 v1.10 sin cos tan (DPC)
)
(/usr/local/texlive/2020/texmf-dist/tex/latex/graphics-cfg/graphics.cfg
File: graphics.cfg 2016/06/04 v1.11 sample graphics configuration
)
Package graphics Info: Driver file: pdftex.def on input line 105.

(/usr/local/texlive/2020/texmf-dist/tex/latex/graphics-def/pdftex.def
File: pdftex.def 2018/01/08 v1.0l Graphics/color driver for pdftex
))
\Gin@req@height=\dimen151
\Gin@req@width=\dimen152
)
(/usr/local/texlive/2020/texmf-dist/tex/latex/subfig/subfig.sty
Package: subfig 2005/06/28 ver: 1.3 subfig package

(/usr/local/texlive/2020/texmf-dist/tex/latex/caption/caption.sty
Package: caption 2020/01/03 v3.4h Customizing captions (AR)

(/usr/local/texlive/2020/texmf-dist/tex/latex/caption/caption3.sty
Package: caption3 2020/01/03 v1.8h caption3 kernel (AR)
Package caption3 Info: TeX engine: e-TeX on input line 61.
\captionmargin=\dimen153
\captionmargin@=\dimen154
\captionwidth=\dimen155
\caption@tempdima=\dimen156
\caption@indent=\dimen157
\caption@parindent=\dimen158
\caption@hangindent=\dimen159
Package caption Info: Standard document class detected.
)
\c@caption@flags=\count275
\c@continuedfloat=\count276
)
\c@KVtest=\count277
\sf@farskip=\skip56
\sf@captopadj=\dimen160
\sf@capskip=\skip57
\sf@nearskip=\skip58
\c@subfigure=\count278
\c@subfigure@save=\count279
\c@lofdepth=\count280
\c@subtable=\count281
\c@subtable@save=\count282
\c@lotdepth=\count283
\sf@top=\skip59
\sf@bottom=\skip60
)
(/usr/local/texlive/2020/texmf-dist/tex/latex/wrapfig/wrapfig.sty
\wrapoverhang=\dimen161
\WF@size=\dimen162
\c@WF@wrappedlines=\count284
\WF@box=\box49
\WF@everypar=\toks23
Package: wrapfig 2003/01/31  v 3.6
)
(/usr/local/texlive/2020/texmf-dist/tex/latex/xcolor/xcolor.sty
Package: xcolor 2016/05/11 v2.12 LaTeX color extensions (UK)

(/usr/local/texlive/2020/texmf-dist/tex/latex/graphics-cfg/color.cfg
File: color.cfg 2016/01/02 v1.6 sample color configuration
)
Package xcolor Info: Driver file: pdftex.def on input line 225.
Package xcolor Info: Model `cmy' substituted by `cmy0' on input line 1348.
Package xcolor Info: Model `hsb' substituted by `rgb' on input line 1352.
Package xcolor Info: Model `RGB' extended on input line 1364.
Package xcolor Info: Model `HTML' substituted by `rgb' on input line 1366.
Package xcolor Info: Model `Hsb' substituted by `hsb' on input line 1367.
Package xcolor Info: Model `tHsb' substituted by `hsb' on input line 1368.
Package xcolor Info: Model `HSB' substituted by `hsb' on input line 1369.
Package xcolor Info: Model `Gray' substituted by `gray' on input line 1370.
Package xcolor Info: Model `wave' substituted by `hsb' on input line 1371.
)
(/usr/local/texlive/2020/texmf-dist/tex/latex/graphics/rotating.sty
Package: rotating 2016/08/11 v2.16d rotated objects in LaTeX

(/usr/local/texlive/2020/texmf-dist/tex/latex/base/ifthen.sty
Package: ifthen 2014/09/29 v1.1c Standard LaTeX ifthen package (DPC)
)
\c@r@tfl@t=\count285
\rotFPtop=\skip61
\rotFPbot=\skip62
\rot@float@box=\box50
\rot@mess@toks=\toks24
)
(/usr/local/texlive/2020/texmf-dist/tex/latex/geometry/geometry.sty
Package: geometry 2020/01/02 v5.9 Page Geometry

(/usr/local/texlive/2020/texmf-dist/tex/generic/iftex/ifvtex.sty
Package: ifvtex 2019/10/25 v1.7 ifvtex legacy package. Use iftex instead.

(/usr/local/texlive/2020/texmf-dist/tex/generic/iftex/iftex.sty
Package: iftex 2020/03/06 v1.0d TeX engine tests
))
\Gm@cnth=\count286
\Gm@cntv=\count287
\c@Gm@tempcnt=\count288
\Gm@bindingoffset=\dimen163
\Gm@wd@mp=\dimen164
\Gm@odd@mp=\dimen165
\Gm@even@mp=\dimen166
\Gm@layoutwidth=\dimen167
\Gm@layoutheight=\dimen168
\Gm@layouthoffset=\dimen169
\Gm@layoutvoffset=\dimen170
\Gm@dimlist=\toks25
)
(/usr/local/texlive/2020/texmf-dist/tex/latex/setspace/setspace.sty
Package: setspace 2011/12/19 v6.7a set line spacing
)
(/usr/local/texlive/2020/texmf-dist/tex/latex/cite/cite.sty
LaTeX Info: Redefining \cite on input line 302.
LaTeX Info: Redefining \nocite on input line 332.
Package: cite 2015/02/27  v 5.5
)
(/usr/local/texlive/2020/texmf-dist/tex/latex/hyperref/hyperref.sty
Package: hyperref 2020/01/14 v7.00d Hypertext links for LaTeX

(/usr/local/texlive/2020/texmf-dist/tex/generic/ltxcmds/ltxcmds.sty
Package: ltxcmds 2019/12/15 v1.24 LaTeX kernel commands for general use (HO)
)
(/usr/local/texlive/2020/texmf-dist/tex/latex/pdftexcmds/pdftexcmds.sty
Package: pdftexcmds 2019/11/24 v0.31 Utility functions of pdfTeX for LuaTeX (HO
)

(/usr/local/texlive/2020/texmf-dist/tex/generic/infwarerr/infwarerr.sty
Package: infwarerr 2019/12/03 v1.5 Providing info/warning/error messages (HO)
)
Package pdftexcmds Info: \pdf@primitive is available.
Package pdftexcmds Info: \pdf@ifprimitive is available.
Package pdftexcmds Info: \pdfdraftmode found.
)
(/usr/local/texlive/2020/texmf-dist/tex/generic/kvsetkeys/kvsetkeys.sty
Package: kvsetkeys 2019/12/15 v1.18 Key value parser (HO)
)
(/usr/local/texlive/2020/texmf-dist/tex/generic/kvdefinekeys/kvdefinekeys.sty
Package: kvdefinekeys 2019-12-19 v1.6 Define keys (HO)
)
(/usr/local/texlive/2020/texmf-dist/tex/generic/pdfescape/pdfescape.sty
Package: pdfescape 2019/12/09 v1.15 Implements pdfTeX's escape features (HO)
)
(/usr/local/texlive/2020/texmf-dist/tex/latex/hycolor/hycolor.sty
Package: hycolor 2020-01-27 v1.10 Color options for hyperref/bookmark (HO)
)
(/usr/local/texlive/2020/texmf-dist/tex/latex/letltxmacro/letltxmacro.sty
Package: letltxmacro 2019/12/03 v1.6 Let assignment for LaTeX macros (HO)
)
(/usr/local/texlive/2020/texmf-dist/tex/latex/auxhook/auxhook.sty
Package: auxhook 2019-12-17 v1.6 Hooks for auxiliary files (HO)
)
(/usr/local/texlive/2020/texmf-dist/tex/latex/kvoptions/kvoptions.sty
Package: kvoptions 2019/11/29 v3.13 Key value format for package options (HO)
)
\@linkdim=\dimen171
\Hy@linkcounter=\count289
\Hy@pagecounter=\count290

(/usr/local/texlive/2020/texmf-dist/tex/latex/hyperref/pd1enc.def
File: pd1enc.def 2020/01/14 v7.00d Hyperref: PDFDocEncoding definition (HO)
Now handling font encoding PD1 ...
... no UTF-8 mapping file for font encoding PD1
)
(/usr/local/texlive/2020/texmf-dist/tex/generic/intcalc/intcalc.sty
Package: intcalc 2019/12/15 v1.3 Expandable calculations with integers (HO)
)
(/usr/local/texlive/2020/texmf-dist/tex/generic/etexcmds/etexcmds.sty
Package: etexcmds 2019/12/15 v1.7 Avoid name clashes with e-TeX commands (HO)
)
\Hy@SavedSpaceFactor=\count291
Package hyperref Info: Option `final' set `true' on input line 4421.
Package hyperref Info: Hyper figures OFF on input line 4547.
Package hyperref Info: Link nesting OFF on input line 4552.
Package hyperref Info: Hyper index ON on input line 4555.
Package hyperref Info: Plain pages OFF on input line 4562.
Package hyperref Info: Backreferencing OFF on input line 4567.
Package hyperref Info: Implicit mode ON; LaTeX internals redefined.
Package hyperref Info: Bookmarks ON on input line 4800.
\c@Hy@tempcnt=\count292

(/usr/local/texlive/2020/texmf-dist/tex/latex/url/url.sty
\Urlmuskip=\muskip17
Package: url 2013/09/16  ver 3.4  Verb mode for urls, etc.
)
LaTeX Info: Redefining \url on input line 5159.
\XeTeXLinkMargin=\dimen172

(/usr/local/texlive/2020/texmf-dist/tex/generic/bitset/bitset.sty
Package: bitset 2019/12/09 v1.3 Handle bit-vector datatype (HO)

(/usr/local/texlive/2020/texmf-dist/tex/generic/bigintcalc/bigintcalc.sty
Package: bigintcalc 2019/12/15 v1.5 Expandable calculations on big integers (HO
)
))
\Fld@menulength=\count293
\Field@Width=\dimen173
\Fld@charsize=\dimen174
Package hyperref Info: Hyper figures OFF on input line 6430.
Package hyperref Info: Link nesting OFF on input line 6435.
Package hyperref Info: Hyper index ON on input line 6438.
Package hyperref Info: backreferencing OFF on input line 6445.
Package hyperref Info: Link coloring OFF on input line 6450.
Package hyperref Info: Link coloring with OCG OFF on input line 6455.
Package hyperref Info: PDF/A mode OFF on input line 6460.
LaTeX Info: Redefining \ref on input line 6500.
LaTeX Info: Redefining \pageref on input line 6504.

(/usr/local/texlive/2020/texmf-dist/tex/generic/atbegshi/atbegshi.sty
Package: atbegshi 2019/12/05 v1.19 At begin shipout hook (HO)
)
\Hy@abspage=\count294
\c@Item=\count295
\c@Hfootnote=\count296
)
Package hyperref Info: Driver (autodetected): hpdftex.

(/usr/local/texlive/2020/texmf-dist/tex/latex/hyperref/hpdftex.def
File: hpdftex.def 2020/01/14 v7.00d Hyperref driver for pdfTeX

(/usr/local/texlive/2020/texmf-dist/tex/latex/atveryend/atveryend.sty
Package: atveryend 2019-12-11 v1.11 Hooks at the very end of document (HO)
Package atveryend Info: \enddocument detected (standard20110627).
)
\Fld@listcount=\count297
\c@bookmark@seq@number=\count298

(/usr/local/texlive/2020/texmf-dist/tex/latex/rerunfilecheck/rerunfilecheck.sty
Package: rerunfilecheck 2019/12/05 v1.9 Rerun checks for auxiliary files (HO)

(/usr/local/texlive/2020/texmf-dist/tex/generic/uniquecounter/uniquecounter.sty
Package: uniquecounter 2019/12/15 v1.4 Provide unlimited unique counter (HO)
)
Package uniquecounter Info: New unique counter `rerunfilecheck' on input line 2
86.
)
\Hy@SectionHShift=\skip63
)
Package hyperref Info: Option `colorlinks' set `true' on input line 25.

(/usr/local/texlive/2020/texmf-dist/tex/latex/l3backend/l3backend-pdfmode.def
File: l3backend-pdfmode.def 2020-03-12 L3 backend support: PDF mode
\l__kernel_color_stack_int=\count299
\l__pdf_internal_box=\box51
)
(./figures_outline_d17.aux)
\openout1 = `figures_outline_d17.aux'.

LaTeX Font Info:    Checking defaults for OML/cmm/m/it on input line 31.
LaTeX Font Info:    ... okay on input line 31.
LaTeX Font Info:    Checking defaults for OMS/cmsy/m/n on input line 31.
LaTeX Font Info:    ... okay on input line 31.
LaTeX Font Info:    Checking defaults for OT1/cmr/m/n on input line 31.
LaTeX Font Info:    ... okay on input line 31.
LaTeX Font Info:    Checking defaults for T1/cmr/m/n on input line 31.
LaTeX Font Info:    ... okay on input line 31.
LaTeX Font Info:    Checking defaults for TS1/cmr/m/n on input line 31.
LaTeX Font Info:    ... okay on input line 31.
LaTeX Font Info:    Checking defaults for OMX/cmex/m/n on input line 31.
LaTeX Font Info:    ... okay on input line 31.
LaTeX Font Info:    Checking defaults for U/cmr/m/n on input line 31.
LaTeX Font Info:    ... okay on input line 31.
LaTeX Font Info:    Checking defaults for PD1/pdf/m/n on input line 31.
LaTeX Font Info:    ... okay on input line 31.
\symgns@font=\mathgroup4
LaTeX Font Info:    Overwriting symbol font `gns@font' in version `bold'
(Font)                  TS1/cmr/m/n --> TS1/cmr/b/n on input line 31.
Package gensymb Info: Math companion symbols declared on input line 31.
LaTeX Info: Redefining \degree on input line 31.
LaTeX Info: Redefining \celsius on input line 31.
Package gensymb Info: Using text companion symbols for \degree, \celsius and \p
erthousand on input line 31.
LaTeX Info: Redefining \ohm on input line 31.
Package gensymb Info: Using \textohm for \ohm on input line 31.
Package gensymb Info: Using \textmu for \micro on input line 31.

(/usr/local/texlive/2020/texmf-dist/tex/context/base/mkii/supp-pdf.mkii
[Loading MPS to PDF converter (version 2006.09.02).]
\scratchcounter=\count300
\scratchdimen=\dimen175
\scratchbox=\box52
\nofMPsegments=\count301
\nofMParguments=\count302
\everyMPshowfont=\toks26
\MPscratchCnt=\count303
\MPscratchDim=\dimen176
\MPnumerator=\count304
\makeMPintoPDFobject=\count305
\everyMPtoPDFconversion=\toks27
) (/usr/local/texlive/2020/texmf-dist/tex/latex/epstopdf-pkg/epstopdf-base.sty
Package: epstopdf-base 2020-01-24 v2.11 Base part for package epstopdf
Package epstopdf-base Info: Redefining graphics rule for `.eps' on input line 4
85.

(/usr/local/texlive/2020/texmf-dist/tex/latex/latexconfig/epstopdf-sys.cfg
File: epstopdf-sys.cfg 2010/07/13 v1.3 Configuration of (r)epstopdf for TeX Liv
e
))
Package caption Info: Begin \AtBeginDocument code.
Package caption Info: subfig package v1.3 is loaded.
Package caption Info: hyperref package is loaded.
Package caption Info: rotating package is loaded.
Package caption Info: wrapfig package is loaded.
Package caption Info: End \AtBeginDocument code.

*geometry* driver: auto-detecting
*geometry* detected driver: pdftex
*geometry* verbose mode - [ preamble ] result:
* driver: pdftex
* paper: letterpaper
* layout: <same size as paper>
* layoutoffset:(h,v)=(0.0pt,0.0pt)
* modes: 
* h-part:(L,W,R)=(72.26999pt, 469.75502pt, 72.26999pt)
* v-part:(T,H,B)=(72.26999pt, 650.43001pt, 72.26999pt)
* \paperwidth=614.295pt
* \paperheight=794.96999pt
* \textwidth=469.75502pt
* \textheight=650.43001pt
* \oddsidemargin=0.0pt
* \evensidemargin=0.0pt
* \topmargin=-37.0pt
* \headheight=12.0pt
* \headsep=25.0pt
* \topskip=10.0pt
* \footskip=30.0pt
* \marginparwidth=65.0pt
* \marginparsep=11.0pt
* \columnsep=10.0pt
* \skip\footins=9.0pt plus 4.0pt minus 2.0pt
* \hoffset=0.0pt
* \voffset=0.0pt
* \mag=1000
* \@twocolumnfalse
* \@twosidefalse
* \@mparswitchfalse
* \@reversemarginfalse
* (1in=72.27pt=25.4mm, 1cm=28.453pt)

\AtBeginShipoutBox=\box53
Package hyperref Info: Link coloring ON on input line 31.
(/usr/local/texlive/2020/texmf-dist/tex/latex/hyperref/nameref.sty
Package: nameref 2019/09/16 v2.46 Cross-referencing by name of section

(/usr/local/texlive/2020/texmf-dist/tex/latex/refcount/refcount.sty
Package: refcount 2019/12/15 v3.6 Data extraction from label references (HO)
)
(/usr/local/texlive/2020/texmf-dist/tex/generic/gettitlestring/gettitlestring.s
ty
Package: gettitlestring 2019/12/15 v1.6 Cleanup title references (HO)
)
\c@section@level=\count306
)
LaTeX Info: Redefining \ref on input line 31.
LaTeX Info: Redefining \pageref on input line 31.
LaTeX Info: Redefining \nameref on input line 31.
 (./figures_outline_d17.out) (./figures_outline_d17.out)
\@outlinefile=\write3
\openout3 = `figures_outline_d17.out'.

 [1

{/usr/local/texlive/2020/texmf-var/fonts/map/pdftex/updmap/pdftex.map}] [2

] [3

] [4] [5]
<../plots/experimental_configuration.pdf, id=108, 554.02779pt x 407.88889pt>
File: ../plots/experimental_configuration.pdf Graphic file (type pdf)
<use ../plots/experimental_configuration.pdf>
Package pdftex.def Info: ../plots/experimental_configuration.pdf  used on input
 line 108.
(pdftex.def)             Requested size: 422.77664pt x 311.26845pt.

[6 <../plots/experimental_configuration.pdf>]
<../plots/exp_daq_v1.pdf, id=134, 564.01897pt x 234.08437pt>
File: ../plots/exp_daq_v1.pdf Graphic file (type pdf)
<use ../plots/exp_daq_v1.pdf>
Package pdftex.def Info: ../plots/exp_daq_v1.pdf  used on input line 117.
(pdftex.def)             Requested size: 422.77664pt x 175.46997pt.
 [7 <../plots/exp_daq_v1.pdf>]
[8]
<../plots/exp_sequence_v3.pdf, id=151, 766.50464pt x 590.01729pt>
File: ../plots/exp_sequence_v3.pdf Graphic file (type pdf)
<use ../plots/exp_sequence_v3.pdf>
Package pdftex.def Info: ../plots/exp_sequence_v3.pdf  used on input line 138.
(pdftex.def)             Requested size: 465.06004pt x 357.97438pt.
 [9 <../plots/exp_sequence_v3.pdf>] [10]
<../plots/xcor_fig_v3.pdf, id=328, 794.97pt x 330.70753pt>
File: ../plots/xcor_fig_v3.pdf Graphic file (type pdf)
<use ../plots/xcor_fig_v3.pdf>
Package pdftex.def Info: ../plots/xcor_fig_v3.pdf  used on input line 171.
(pdftex.def)             Requested size: 422.77664pt x 175.87968pt.
 [11 <../plots/xcor_fig_v3.pdf>]
[12] [13] [14]
<../plots/NsVelRmsPerm_v2_edit.pdf, id=687, 1614.56654pt x 1353.303pt>
File: ../plots/NsVelRmsPerm_v2_edit.pdf Graphic file (type pdf)
<use ../plots/NsVelRmsPerm_v2_edit.pdf>
Package pdftex.def Info: ../plots/NsVelRmsPerm_v2_edit.pdf  used on input line 
215.
(pdftex.def)             Requested size: 422.77664pt x 354.34909pt.
 [15 <../plots/NsVelRmsPerm_v2_edit.pdf>]
<../plots/NS_p4975_run4.pdf, id=722, 1437.09271pt x 1140.61754pt>
File: ../plots/NS_p4975_run4.pdf Graphic file (type pdf)
<use ../plots/NS_p4975_run4.pdf>
Package pdftex.def Info: ../plots/NS_p4975_run4.pdf  used on input line 224.
(pdftex.def)             Requested size: 469.75502pt x 372.83705pt.
 [16 <../plots/NS_p4975_run4.pdf>]
<../plots/NS_p4975_run3.pdf, id=748, 1437.09271pt x 1142.34972pt>
File: ../plots/NS_p4975_run3.pdf Graphic file (type pdf)
<use ../plots/NS_p4975_run3.pdf>
Package pdftex.def Info: ../plots/NS_p4975_run3.pdf  used on input line 233.
(pdftex.def)             Requested size: 422.77664pt x 336.0664pt.
 [17 <../plots/NS_p4975_run3.pdf>] [18

]
<../plots/delk_amp_NS.pdf, id=793, 707.60614pt x 219.86705pt>
File: ../plots/delk_amp_NS.pdf Graphic file (type pdf)
<use ../plots/delk_amp_NS.pdf>
Package pdftex.def Info: ../plots/delk_amp_NS.pdf  used on input line 259.
(pdftex.def)             Requested size: 469.75502pt x 145.96147pt.
<../plots/delk_amp_PP.pdf, id=794, 703.77934pt x 219.86705pt>
File: ../plots/delk_amp_PP.pdf Graphic file (type pdf)
<use ../plots/delk_amp_PP.pdf>
Package pdftex.def Info: ../plots/delk_amp_PP.pdf  used on input line 260.
(pdftex.def)             Requested size: 469.75502pt x 146.75995pt.
 [19

 <../plots/delk_amp_NS.pdf> <../plots/delk_amp_PP.pdf

pdfTeX warning: /Library/TeX/texbin/pdflatex (file ../plots/delk_amp_PP.pdf): P
DF inclusion: multiple pdfs with page group included in a single page
>] [20

]
<../plots/delc_amp_NS.pdf, id=921, 715.2754pt x 219.86705pt>
File: ../plots/delc_amp_NS.pdf Graphic file (type pdf)
<use ../plots/delc_amp_NS.pdf>
Package pdftex.def Info: ../plots/delc_amp_NS.pdf  used on input line 280.
(pdftex.def)             Requested size: 469.75502pt x 144.40144pt.
<../plots/delc_amp_PP.pdf, id=922, 715.2754pt x 219.86705pt>
File: ../plots/delc_amp_PP.pdf Graphic file (type pdf)
<use ../plots/delc_amp_PP.pdf>
Package pdftex.def Info: ../plots/delc_amp_PP.pdf  used on input line 281.
(pdftex.def)             Requested size: 469.75502pt x 144.40144pt.
 [21

 <../plots/delc_amp_NS.pdf> <../plots/delc_amp_PP.pdf

pdfTeX warning: /Library/TeX/texbin/pdflatex (file ../plots/delc_amp_PP.pdf): P
DF inclusion: multiple pdfs with page group included in a single page
>] [22

]
<../plots/Delc_bypair_all_NS.pdf, id=1055, 615.32228pt x 838.77525pt>
File: ../plots/Delc_bypair_all_NS.pdf Graphic file (type pdf)
<use ../plots/Delc_bypair_all_NS.pdf>
Package pdftex.def Info: ../plots/Delc_bypair_all_NS.pdf  used on input line 31
0.
(pdftex.def)             Requested size: 422.77664pt x 576.311pt.
 [23] [24 <../plots/Delc_bypair_all_NS.pdf>]
<../plots/Delc_bypair_all_PP.pdf, id=2673, 621.70862pt x 839.59209pt>
File: ../plots/Delc_bypair_all_PP.pdf Graphic file (type pdf)
<use ../plots/Delc_bypair_all_PP.pdf>
Package pdftex.def Info: ../plots/Delc_bypair_all_PP.pdf  used on input line 31
9.
(pdftex.def)             Requested size: 422.77664pt x 570.95349pt.
 [25 <../plots/Delc_bypair_all_PP.pdf>]
<../plots/avgDelc_All_ampsNS.pdf, id=4149, 717.32996pt x 219.86705pt>
File: ../plots/avgDelc_All_ampsNS.pdf Graphic file (type pdf)
<use ../plots/avgDelc_All_ampsNS.pdf>
Package pdftex.def Info: ../plots/avgDelc_All_ampsNS.pdf  used on input line 32
9.
(pdftex.def)             Requested size: 469.75502pt x 143.98544pt.
<../plots/avgDelc_All_ampsPP.pdf, id=4150, 717.32996pt x 219.86705pt>
File: ../plots/avgDelc_All_ampsPP.pdf Graphic file (type pdf)
<use ../plots/avgDelc_All_ampsPP.pdf>
Package pdftex.def Info: ../plots/avgDelc_All_ampsPP.pdf  used on input line 33
0.
(pdftex.def)             Requested size: 469.75502pt x 143.98544pt.
 [26


 <../plots/avgDelc_All_ampsNS.pdf> <../plots/avgDelc_All_ampsPP.pdf

pdfTeX warning: /Library/TeX/texbin/pdflatex (file ../plots/avgDelc_All_ampsPP.
pdf): PDF inclusion: multiple pdfs with page group included in a single page
>] [27

]
<../plots/dc_amp_NS.pdf, id=4260, 705.17517pt x 219.86705pt>
File: ../plots/dc_amp_NS.pdf Graphic file (type pdf)
<use ../plots/dc_amp_NS.pdf>
Package pdftex.def Info: ../plots/dc_amp_NS.pdf  used on input line 348.
(pdftex.def)             Requested size: 469.75502pt x 146.46806pt.
<../plots/dc_amp_PP.pdf, id=4261, 705.17517pt x 219.86705pt>
File: ../plots/dc_amp_PP.pdf Graphic file (type pdf)
<use ../plots/dc_amp_PP.pdf>
Package pdftex.def Info: ../plots/dc_amp_PP.pdf  used on input line 349.
(pdftex.def)             Requested size: 469.75502pt x 146.46806pt.
 [28

 <../plots/dc_amp_NS.pdf> <../plots/dc_amp_PP.pdf

pdfTeX warning: /Library/TeX/texbin/pdflatex (file ../plots/dc_amp_PP.pdf): PDF
 inclusion: multiple pdfs with page group included in a single page
>] [29

]

pdfTeX warning: /Library/TeX/texbin/pdflatex (file ../plots/k_recov_amp_NS.pdf)
: PDF inclusion: found PDF version <1.6>, but at most version <1.5> allowed
<../plots/k_recov_amp_NS.pdf, id=4386, 715.30334pt x 218.79242pt>
File: ../plots/k_recov_amp_NS.pdf Graphic file (type pdf)
<use ../plots/k_recov_amp_NS.pdf>
Package pdftex.def Info: ../plots/k_recov_amp_NS.pdf  used on input line 372.
(pdftex.def)             Requested size: 469.75502pt x 143.689pt.


pdfTeX warning: /Library/TeX/texbin/pdflatex (file ../plots/k_recov_amp_PP.pdf)
: PDF inclusion: found PDF version <1.6>, but at most version <1.5> allowed
<../plots/k_recov_amp_PP.pdf, id=4387, 715.30334pt x 218.79242pt>
File: ../plots/k_recov_amp_PP.pdf Graphic file (type pdf)
<use ../plots/k_recov_amp_PP.pdf>
Package pdftex.def Info: ../plots/k_recov_amp_PP.pdf  used on input line 373.
(pdftex.def)             Requested size: 469.75502pt x 143.689pt.
[30

 <../plots/k_recov_amp_NS.pdf> <../plots/k_recov_amp_PP.pdf>] [31

]
<../plots/c_recov_amp_NS.pdf, id=4429, 696.50215pt x 219.86705pt>
File: ../plots/c_recov_amp_NS.pdf Graphic file (type pdf)
<use ../plots/c_recov_amp_NS.pdf>
Package pdftex.def Info: ../plots/c_recov_amp_NS.pdf  used on input line 391.
(pdftex.def)             Requested size: 469.75502pt x 148.28642pt.
<../plots/c_recov_amp_PP.pdf, id=4430, 696.50215pt x 219.86705pt>
File: ../plots/c_recov_amp_PP.pdf Graphic file (type pdf)
<use ../plots/c_recov_amp_PP.pdf>
Package pdftex.def Info: ../plots/c_recov_amp_PP.pdf  used on input line 392.
(pdftex.def)             Requested size: 469.75502pt x 148.28642pt.
 [32

 <../plots/c_recov_amp_NS.pdf> <../plots/c_recov_amp_PP.pdf

pdfTeX warning: /Library/TeX/texbin/pdflatex (file ../plots/c_recov_amp_PP.pdf)
: PDF inclusion: multiple pdfs with page group included in a single page
>] [33

]
<../plots/avg_recov_All_ampsNS.pdf, id=4550, 709.66069pt x 220.87079pt>
File: ../plots/avg_recov_All_ampsNS.pdf Graphic file (type pdf)
<use ../plots/avg_recov_All_ampsNS.pdf>
Package pdftex.def Info: ../plots/avg_recov_All_ampsNS.pdf  used on input line 
409.
(pdftex.def)             Requested size: 469.75502pt x 146.20317pt.
<../plots/avg_recov_All_ampsPP.pdf, id=4551, 709.66069pt x 220.87079pt>
File: ../plots/avg_recov_All_ampsPP.pdf Graphic file (type pdf)
<use ../plots/avg_recov_All_ampsPP.pdf>
Package pdftex.def Info: ../plots/avg_recov_All_ampsPP.pdf  used on input line 
410.
(pdftex.def)             Requested size: 469.75502pt x 146.20317pt.
 [34

 <../plots/avg_recov_All_ampsNS.pdf> <../plots/avg_recov_All_ampsPP.pdf

pdfTeX warning: /Library/TeX/texbin/pdflatex (file ../plots/avg_recov_All_ampsP
P.pdf): PDF inclusion: multiple pdfs with page group included in a single page
>] [35

]
<../plots/permCalcPlots_tall_p4975_run3b_1Hz.pdf, id=4653, 271.9237pt x 466.664
11pt>
File: ../plots/permCalcPlots_tall_p4975_run3b_1Hz.pdf Graphic file (type pdf)
<use ../plots/permCalcPlots_tall_p4975_run3b_1Hz.pdf>
Package pdftex.def Info: ../plots/permCalcPlots_tall_p4975_run3b_1Hz.pdf  used 
on input line 456.
(pdftex.def)             Requested size: 187.89914pt x 322.46143pt.
 [36

 <../plots/permCalcPlots_tall_p4975_run3b_1Hz.pdf>]
<../plots/Shearing_p4975_shr1.png, id=4673, 1734.48pt x 867.24pt>
File: ../plots/Shearing_p4975_shr1.png Graphic file (type png)
<use ../plots/Shearing_p4975_shr1.png>
Package pdftex.def Info: ../plots/Shearing_p4975_shr1.png  used on input line 4
90.
(pdftex.def)             Requested size: 469.75502pt x 234.87251pt.
 [37 <../plots/Shearing_p4975_shr1.png>]
<../plots/Shearing_p4975_shr2.png, id=4682, 1734.48pt x 867.24pt>
File: ../plots/Shearing_p4975_shr2.png Graphic file (type png)
<use ../plots/Shearing_p4975_shr2.png>
Package pdftex.def Info: ../plots/Shearing_p4975_shr2.png  used on input line 4
99.
(pdftex.def)             Requested size: 469.75502pt x 234.87251pt.
 [38 <../plots/Shearing_p4975_shr2.png>]
<../plots/bowtie_p4975_run3b_01Hz_v3_portrait.pdf, id=4689, 530.61188pt x 424.9
7255pt>
File: ../plots/bowtie_p4975_run3b_01Hz_v3_portrait.pdf Graphic file (type pdf)
<use ../plots/bowtie_p4975_run3b_01Hz_v3_portrait.pdf>
Package pdftex.def Info: ../plots/bowtie_p4975_run3b_01Hz_v3_portrait.pdf  used
 on input line 511.
(pdftex.def)             Requested size: 422.77664pt x 338.61673pt.
 [39

 <../plots/bowtie_p4975_run3b_01Hz_v3_portrait.pdf>] [40

]
<../plots/delA_amp_NS.pdf, id=8662, 707.60614pt x 219.86705pt>
File: ../plots/delA_amp_NS.pdf Graphic file (type pdf)
<use ../plots/delA_amp_NS.pdf>
Package pdftex.def Info: ../plots/delA_amp_NS.pdf  used on input line 531.
(pdftex.def)             Requested size: 469.75502pt x 145.96147pt.
<../plots/delA_amp_PP.pdf, id=8663, 707.60614pt x 219.86705pt>
File: ../plots/delA_amp_PP.pdf Graphic file (type pdf)
<use ../plots/delA_amp_PP.pdf>
Package pdftex.def Info: ../plots/delA_amp_PP.pdf  used on input line 532.
(pdftex.def)             Requested size: 469.75502pt x 145.96147pt.
 [41

 <../plots/delA_amp_NS.pdf> <../plots/delA_amp_PP.pdf

pdfTeX warning: /Library/TeX/texbin/pdflatex (file ../plots/delA_amp_PP.pdf): P
DF inclusion: multiple pdfs with page group included in a single page
>]
<../plots/avg_DelA_perm_NS.pdf, id=8780, 709.66069pt x 219.86705pt>
File: ../plots/avg_DelA_perm_NS.pdf Graphic file (type pdf)
<use ../plots/avg_DelA_perm_NS.pdf>
Package pdftex.def Info: ../plots/avg_DelA_perm_NS.pdf  used on input line 544.

(pdftex.def)             Requested size: 469.75502pt x 145.53876pt.
<../plots/avg_DelA_perm_PP.pdf, id=8781, 709.66069pt x 219.86705pt>
File: ../plots/avg_DelA_perm_PP.pdf Graphic file (type pdf)
<use ../plots/avg_DelA_perm_PP.pdf>
Package pdftex.def Info: ../plots/avg_DelA_perm_PP.pdf  used on input line 545.

(pdftex.def)             Requested size: 469.75502pt x 145.53876pt.
 [42

 <../plots/avg_DelA_perm_NS.pdf> <../plots/avg_DelA_perm_PP.pdf

pdfTeX warning: /Library/TeX/texbin/pdflatex (file ../plots/avg_DelA_perm_PP.pd
f): PDF inclusion: multiple pdfs with page group included in a single page
>] (./figures_outline_d17.bbl

LaTeX Warning: Empty `thebibliography' environment on input line 3.

)
Package atveryend Info: Empty hook `BeforeClearDocument' on input line 557.
 [43

]
Package atveryend Info: Empty hook `AfterLastShipout' on input line 557.
 (./figures_outline_d17.aux)
Package atveryend Info: Executing hook `AtVeryEndDocument' on input line 557.
Package atveryend Info: Executing hook `AtEndAfterFileList' on input line 557.
Package rerunfilecheck Info: File `figures_outline_d17.out' has not changed.
(rerunfilecheck)             Checksum: 1BE5CB23DE88477BD0F0EC0F5115BB60;1131.
Package atveryend Info: Empty hook `AtVeryVeryEnd' on input line 557.
 ) 
Here is how much of TeX's memory you used:
 8912 strings out of 480608
 138949 string characters out of 5903631
 417519 words of memory out of 5000000
 24540 multiletter control sequences out of 15000+600000
 535622 words of font info for 35 fonts, out of 8000000 for 9000
 1141 hyphenation exceptions out of 8191
 50i,7n,48p,1831b,323s stack positions out of 5000i,500n,10000p,200000b,80000s
{/usr/local/texlive/2020/texmf-dist/fonts/enc/dvips/cm-super/cm-super-ts1.enc
}</usr/local/texlive/2020/texmf-dist/fonts/type1/public/amsfonts/cm/cmbx12.pfb>
</usr/local/texlive/2020/texmf-dist/fonts/type1/public/amsfonts/cm/cmmi10.pfb><
/usr/local/texlive/2020/texmf-dist/fonts/type1/public/amsfonts/cm/cmmi7.pfb></u
sr/local/texlive/2020/texmf-dist/fonts/type1/public/amsfonts/cm/cmr10.pfb></usr
/local/texlive/2020/texmf-dist/fonts/type1/public/amsfonts/cm/cmr12.pfb></usr/l
ocal/texlive/2020/texmf-dist/fonts/type1/public/amsfonts/cm/cmr17.pfb></usr/loc
al/texlive/2020/texmf-dist/fonts/type1/public/amsfonts/cm/cmr5.pfb></usr/local/
texlive/2020/texmf-dist/fonts/type1/public/amsfonts/cm/cmr7.pfb></usr/local/tex
live/2020/texmf-dist/fonts/type1/public/amsfonts/cm/cmsy10.pfb></usr/local/texl
ive/2020/texmf-dist/fonts/type1/public/amsfonts/cm/cmsy7.pfb></usr/local/texliv
e/2020/texmf-dist/fonts/type1/public/cm-super/sfrm1000.pfb>
Output written on figures_outline_d17.pdf (43 pages, 13957829 bytes).
PDF statistics:
 8958 PDF objects out of 10688 (max. 8388607)
 5583 compressed objects within 56 object streams
 114 named destinations out of 1000 (max. 500000)
 276 words of extra memory for PDF output out of 10000 (max. 10000000)

