This is pdfTeX, Version 3.14159265-2.6-1.40.21 (TeX Live 2020) (preloaded format=pdflatex 2020.4.7)  16 JUL 2020 23:07
entering extended mode
 restricted \write18 enabled.
 %&-line parsing enabled.
**figures_outline_d13.tex
(./figures_outline_d13.tex
LaTeX2e <2020-02-02> patch level 5
L3 programming layer <2020-03-06>
(/usr/local/texlive/2020/texmf-dist/tex/latex/base/article.cls
Document Class: article 2019/12/20 v1.4l Standard LaTeX document class
(/usr/local/texlive/2020/texmf-dist/tex/latex/base/size10.clo
File: size10.clo 2019/12/20 v1.4l Standard LaTeX file (size option)
)
\c@part=\count167
\c@section=\count168
\c@subsection=\count169
\c@subsubsection=\count170
\c@paragraph=\count171
\c@subparagraph=\count172
\c@figure=\count173
\c@table=\count174
\abovecaptionskip=\skip47
\belowcaptionskip=\skip48
\bibindent=\dimen134
)
(/usr/local/texlive/2020/texmf-dist/tex/latex/tools/tabularx.sty
Package: tabularx 2020/01/15 v2.11c `tabularx' package (DPC)

(/usr/local/texlive/2020/texmf-dist/tex/latex/tools/array.sty
Package: array 2019/08/31 v2.4l Tabular extension package (FMi)
\col@sep=\dimen135
\ar@mcellbox=\box45
\extrarowheight=\dimen136
\NC@list=\toks15
\extratabsurround=\skip49
\backup@length=\skip50
\ar@cellbox=\box46
)
\TX@col@width=\dimen137
\TX@old@table=\dimen138
\TX@old@col=\dimen139
\TX@target=\dimen140
\TX@delta=\dimen141
\TX@cols=\count175
\TX@ftn=\toks16
)
(/usr/local/texlive/2020/texmf-dist/tex/latex/base/textcomp.sty
Package: textcomp 2020/02/02 v2.0n Standard LaTeX package
)
(/usr/local/texlive/2020/texmf-dist/tex/latex/was/gensymb.sty
Package: gensymb 2003/07/02 v1.0 (WaS)
)
(/usr/local/texlive/2020/texmf-dist/tex/latex/amsmath/amsmath.sty
Package: amsmath 2020/01/20 v2.17e AMS math features
\@mathmargin=\skip51

For additional information on amsmath, use the `?' option.
(/usr/local/texlive/2020/texmf-dist/tex/latex/amsmath/amstext.sty
Package: amstext 2000/06/29 v2.01 AMS text

(/usr/local/texlive/2020/texmf-dist/tex/latex/amsmath/amsgen.sty
File: amsgen.sty 1999/11/30 v2.0 generic functions
\@emptytoks=\toks17
\ex@=\dimen142
))
(/usr/local/texlive/2020/texmf-dist/tex/latex/amsmath/amsbsy.sty
Package: amsbsy 1999/11/29 v1.2d Bold Symbols
\pmbraise@=\dimen143
)
(/usr/local/texlive/2020/texmf-dist/tex/latex/amsmath/amsopn.sty
Package: amsopn 2016/03/08 v2.02 operator names
)
\inf@bad=\count176
LaTeX Info: Redefining \frac on input line 227.
\uproot@=\count177
\leftroot@=\count178
LaTeX Info: Redefining \overline on input line 389.
\classnum@=\count179
\DOTSCASE@=\count180
LaTeX Info: Redefining \ldots on input line 486.
LaTeX Info: Redefining \dots on input line 489.
LaTeX Info: Redefining \cdots on input line 610.
\Mathstrutbox@=\box47
\strutbox@=\box48
\big@size=\dimen144
LaTeX Font Info:    Redeclaring font encoding OML on input line 733.
LaTeX Font Info:    Redeclaring font encoding OMS on input line 734.
\macc@depth=\count181
\c@MaxMatrixCols=\count182
\dotsspace@=\muskip16
\c@parentequation=\count183
\dspbrk@lvl=\count184
\tag@help=\toks18
\row@=\count185
\column@=\count186
\maxfields@=\count187
\andhelp@=\toks19
\eqnshift@=\dimen145
\alignsep@=\dimen146
\tagshift@=\dimen147
\tagwidth@=\dimen148
\totwidth@=\dimen149
\lineht@=\dimen150
\@envbody=\toks20
\multlinegap=\skip52
\multlinetaggap=\skip53
\mathdisplay@stack=\toks21
LaTeX Info: Redefining \[ on input line 2859.
LaTeX Info: Redefining \] on input line 2860.
)
(/usr/local/texlive/2020/texmf-dist/tex/latex/graphics/graphicx.sty
Package: graphicx 2019/11/30 v1.2a Enhanced LaTeX Graphics (DPC,SPQR)

(/usr/local/texlive/2020/texmf-dist/tex/latex/graphics/keyval.sty
Package: keyval 2014/10/28 v1.15 key=value parser (DPC)
\KV@toks@=\toks22
)
(/usr/local/texlive/2020/texmf-dist/tex/latex/graphics/graphics.sty
Package: graphics 2019/11/30 v1.4a Standard LaTeX Graphics (DPC,SPQR)

(/usr/local/texlive/2020/texmf-dist/tex/latex/graphics/trig.sty
Package: trig 2016/01/03 v1.10 sin cos tan (DPC)
)
(/usr/local/texlive/2020/texmf-dist/tex/latex/graphics-cfg/graphics.cfg
File: graphics.cfg 2016/06/04 v1.11 sample graphics configuration
)
Package graphics Info: Driver file: pdftex.def on input line 105.

(/usr/local/texlive/2020/texmf-dist/tex/latex/graphics-def/pdftex.def
File: pdftex.def 2018/01/08 v1.0l Graphics/color driver for pdftex
))
\Gin@req@height=\dimen151
\Gin@req@width=\dimen152
)
(/usr/local/texlive/2020/texmf-dist/tex/latex/subfig/subfig.sty
Package: subfig 2005/06/28 ver: 1.3 subfig package

(/usr/local/texlive/2020/texmf-dist/tex/latex/caption/caption.sty
Package: caption 2020/01/03 v3.4h Customizing captions (AR)

(/usr/local/texlive/2020/texmf-dist/tex/latex/caption/caption3.sty
Package: caption3 2020/01/03 v1.8h caption3 kernel (AR)
Package caption3 Info: TeX engine: e-TeX on input line 61.
\captionmargin=\dimen153
\captionmargin@=\dimen154
\captionwidth=\dimen155
\caption@tempdima=\dimen156
\caption@indent=\dimen157
\caption@parindent=\dimen158
\caption@hangindent=\dimen159
Package caption Info: Standard document class detected.
)
\c@caption@flags=\count188
\c@continuedfloat=\count189
)
\c@KVtest=\count190
\sf@farskip=\skip54
\sf@captopadj=\dimen160
\sf@capskip=\skip55
\sf@nearskip=\skip56
\c@subfigure=\count191
\c@subfigure@save=\count192
\c@lofdepth=\count193
\c@subtable=\count194
\c@subtable@save=\count195
\c@lotdepth=\count196
\sf@top=\skip57
\sf@bottom=\skip58
)
(/usr/local/texlive/2020/texmf-dist/tex/latex/wrapfig/wrapfig.sty
\wrapoverhang=\dimen161
\WF@size=\dimen162
\c@WF@wrappedlines=\count197
\WF@box=\box49
\WF@everypar=\toks23
Package: wrapfig 2003/01/31  v 3.6
)
(/usr/local/texlive/2020/texmf-dist/tex/latex/xcolor/xcolor.sty
Package: xcolor 2016/05/11 v2.12 LaTeX color extensions (UK)

(/usr/local/texlive/2020/texmf-dist/tex/latex/graphics-cfg/color.cfg
File: color.cfg 2016/01/02 v1.6 sample color configuration
)
Package xcolor Info: Driver file: pdftex.def on input line 225.
Package xcolor Info: Model `cmy' substituted by `cmy0' on input line 1348.
Package xcolor Info: Model `hsb' substituted by `rgb' on input line 1352.
Package xcolor Info: Model `RGB' extended on input line 1364.
Package xcolor Info: Model `HTML' substituted by `rgb' on input line 1366.
Package xcolor Info: Model `Hsb' substituted by `hsb' on input line 1367.
Package xcolor Info: Model `tHsb' substituted by `hsb' on input line 1368.
Package xcolor Info: Model `HSB' substituted by `hsb' on input line 1369.
Package xcolor Info: Model `Gray' substituted by `gray' on input line 1370.
Package xcolor Info: Model `wave' substituted by `hsb' on input line 1371.
)
(/usr/local/texlive/2020/texmf-dist/tex/latex/graphics/rotating.sty
Package: rotating 2016/08/11 v2.16d rotated objects in LaTeX

(/usr/local/texlive/2020/texmf-dist/tex/latex/base/ifthen.sty
Package: ifthen 2014/09/29 v1.1c Standard LaTeX ifthen package (DPC)
)
\c@r@tfl@t=\count198
\rotFPtop=\skip59
\rotFPbot=\skip60
\rot@float@box=\box50
\rot@mess@toks=\toks24
)
(/usr/local/texlive/2020/texmf-dist/tex/latex/geometry/geometry.sty
Package: geometry 2020/01/02 v5.9 Page Geometry

(/usr/local/texlive/2020/texmf-dist/tex/generic/iftex/ifvtex.sty
Package: ifvtex 2019/10/25 v1.7 ifvtex legacy package. Use iftex instead.

(/usr/local/texlive/2020/texmf-dist/tex/generic/iftex/iftex.sty
Package: iftex 2020/03/06 v1.0d TeX engine tests
))
\Gm@cnth=\count199
\Gm@cntv=\count266
\c@Gm@tempcnt=\count267
\Gm@bindingoffset=\dimen163
\Gm@wd@mp=\dimen164
\Gm@odd@mp=\dimen165
\Gm@even@mp=\dimen166
\Gm@layoutwidth=\dimen167
\Gm@layoutheight=\dimen168
\Gm@layouthoffset=\dimen169
\Gm@layoutvoffset=\dimen170
\Gm@dimlist=\toks25
)
(/usr/local/texlive/2020/texmf-dist/tex/latex/setspace/setspace.sty
Package: setspace 2011/12/19 v6.7a set line spacing
)
(/usr/local/texlive/2020/texmf-dist/tex/latex/cite/cite.sty
LaTeX Info: Redefining \cite on input line 302.
LaTeX Info: Redefining \nocite on input line 332.
Package: cite 2015/02/27  v 5.5
)
(/usr/local/texlive/2020/texmf-dist/tex/latex/hyperref/hyperref.sty
Package: hyperref 2020/01/14 v7.00d Hypertext links for LaTeX

(/usr/local/texlive/2020/texmf-dist/tex/generic/ltxcmds/ltxcmds.sty
Package: ltxcmds 2019/12/15 v1.24 LaTeX kernel commands for general use (HO)
)
(/usr/local/texlive/2020/texmf-dist/tex/latex/pdftexcmds/pdftexcmds.sty
Package: pdftexcmds 2019/11/24 v0.31 Utility functions of pdfTeX for LuaTeX (HO
)

(/usr/local/texlive/2020/texmf-dist/tex/generic/infwarerr/infwarerr.sty
Package: infwarerr 2019/12/03 v1.5 Providing info/warning/error messages (HO)
)
Package pdftexcmds Info: \pdf@primitive is available.
Package pdftexcmds Info: \pdf@ifprimitive is available.
Package pdftexcmds Info: \pdfdraftmode found.
)
(/usr/local/texlive/2020/texmf-dist/tex/generic/kvsetkeys/kvsetkeys.sty
Package: kvsetkeys 2019/12/15 v1.18 Key value parser (HO)
)
(/usr/local/texlive/2020/texmf-dist/tex/generic/kvdefinekeys/kvdefinekeys.sty
Package: kvdefinekeys 2019-12-19 v1.6 Define keys (HO)
)
(/usr/local/texlive/2020/texmf-dist/tex/generic/pdfescape/pdfescape.sty
Package: pdfescape 2019/12/09 v1.15 Implements pdfTeX's escape features (HO)
)
(/usr/local/texlive/2020/texmf-dist/tex/latex/hycolor/hycolor.sty
Package: hycolor 2020-01-27 v1.10 Color options for hyperref/bookmark (HO)
)
(/usr/local/texlive/2020/texmf-dist/tex/latex/letltxmacro/letltxmacro.sty
Package: letltxmacro 2019/12/03 v1.6 Let assignment for LaTeX macros (HO)
)
(/usr/local/texlive/2020/texmf-dist/tex/latex/auxhook/auxhook.sty
Package: auxhook 2019-12-17 v1.6 Hooks for auxiliary files (HO)
)
(/usr/local/texlive/2020/texmf-dist/tex/latex/kvoptions/kvoptions.sty
Package: kvoptions 2019/11/29 v3.13 Key value format for package options (HO)
)
\@linkdim=\dimen171
\Hy@linkcounter=\count268
\Hy@pagecounter=\count269

(/usr/local/texlive/2020/texmf-dist/tex/latex/hyperref/pd1enc.def
File: pd1enc.def 2020/01/14 v7.00d Hyperref: PDFDocEncoding definition (HO)
Now handling font encoding PD1 ...
... no UTF-8 mapping file for font encoding PD1
)
(/usr/local/texlive/2020/texmf-dist/tex/generic/intcalc/intcalc.sty
Package: intcalc 2019/12/15 v1.3 Expandable calculations with integers (HO)
)
(/usr/local/texlive/2020/texmf-dist/tex/generic/etexcmds/etexcmds.sty
Package: etexcmds 2019/12/15 v1.7 Avoid name clashes with e-TeX commands (HO)
)
\Hy@SavedSpaceFactor=\count270
Package hyperref Info: Option `final' set `true' on input line 4421.
Package hyperref Info: Hyper figures OFF on input line 4547.
Package hyperref Info: Link nesting OFF on input line 4552.
Package hyperref Info: Hyper index ON on input line 4555.
Package hyperref Info: Plain pages OFF on input line 4562.
Package hyperref Info: Backreferencing OFF on input line 4567.
Package hyperref Info: Implicit mode ON; LaTeX internals redefined.
Package hyperref Info: Bookmarks ON on input line 4800.
\c@Hy@tempcnt=\count271

(/usr/local/texlive/2020/texmf-dist/tex/latex/url/url.sty
\Urlmuskip=\muskip17
Package: url 2013/09/16  ver 3.4  Verb mode for urls, etc.
)
LaTeX Info: Redefining \url on input line 5159.
\XeTeXLinkMargin=\dimen172

(/usr/local/texlive/2020/texmf-dist/tex/generic/bitset/bitset.sty
Package: bitset 2019/12/09 v1.3 Handle bit-vector datatype (HO)

(/usr/local/texlive/2020/texmf-dist/tex/generic/bigintcalc/bigintcalc.sty
Package: bigintcalc 2019/12/15 v1.5 Expandable calculations on big integers (HO
)
))
\Fld@menulength=\count272
\Field@Width=\dimen173
\Fld@charsize=\dimen174
Package hyperref Info: Hyper figures OFF on input line 6430.
Package hyperref Info: Link nesting OFF on input line 6435.
Package hyperref Info: Hyper index ON on input line 6438.
Package hyperref Info: backreferencing OFF on input line 6445.
Package hyperref Info: Link coloring OFF on input line 6450.
Package hyperref Info: Link coloring with OCG OFF on input line 6455.
Package hyperref Info: PDF/A mode OFF on input line 6460.
LaTeX Info: Redefining \ref on input line 6500.
LaTeX Info: Redefining \pageref on input line 6504.

(/usr/local/texlive/2020/texmf-dist/tex/generic/atbegshi/atbegshi.sty
Package: atbegshi 2019/12/05 v1.19 At begin shipout hook (HO)
)
\Hy@abspage=\count273
\c@Item=\count274
\c@Hfootnote=\count275
)
Package hyperref Info: Driver (autodetected): hpdftex.

(/usr/local/texlive/2020/texmf-dist/tex/latex/hyperref/hpdftex.def
File: hpdftex.def 2020/01/14 v7.00d Hyperref driver for pdfTeX

(/usr/local/texlive/2020/texmf-dist/tex/latex/atveryend/atveryend.sty
Package: atveryend 2019-12-11 v1.11 Hooks at the very end of document (HO)
Package atveryend Info: \enddocument detected (standard20110627).
)
\Fld@listcount=\count276
\c@bookmark@seq@number=\count277

(/usr/local/texlive/2020/texmf-dist/tex/latex/rerunfilecheck/rerunfilecheck.sty
Package: rerunfilecheck 2019/12/05 v1.9 Rerun checks for auxiliary files (HO)

(/usr/local/texlive/2020/texmf-dist/tex/generic/uniquecounter/uniquecounter.sty
Package: uniquecounter 2019/12/15 v1.4 Provide unlimited unique counter (HO)
)
Package uniquecounter Info: New unique counter `rerunfilecheck' on input line 2
86.
)
\Hy@SectionHShift=\skip61
)
Package hyperref Info: Option `colorlinks' set `true' on input line 23.

(/usr/local/texlive/2020/texmf-dist/tex/latex/l3backend/l3backend-pdfmode.def
File: l3backend-pdfmode.def 2020-03-12 L3 backend support: PDF mode
\l__kernel_color_stack_int=\count278
\l__pdf_internal_box=\box51
)
(./figures_outline_d13.aux (./titles/titles_d13.aux)
(./abstract/abstract_d13.aux) (./intro/intro_d13.aux)
(./exp_setup/exp_setup_d13.aux) (./results/results_d13.aux)
(./conc/conc_d13.aux) (./supp/supp_d13.aux))
\openout1 = `figures_outline_d13.aux'.

LaTeX Font Info:    Checking defaults for OML/cmm/m/it on input line 27.
LaTeX Font Info:    ... okay on input line 27.
LaTeX Font Info:    Checking defaults for OMS/cmsy/m/n on input line 27.
LaTeX Font Info:    ... okay on input line 27.
LaTeX Font Info:    Checking defaults for OT1/cmr/m/n on input line 27.
LaTeX Font Info:    ... okay on input line 27.
LaTeX Font Info:    Checking defaults for T1/cmr/m/n on input line 27.
LaTeX Font Info:    ... okay on input line 27.
LaTeX Font Info:    Checking defaults for TS1/cmr/m/n on input line 27.
LaTeX Font Info:    ... okay on input line 27.
LaTeX Font Info:    Checking defaults for OMX/cmex/m/n on input line 27.
LaTeX Font Info:    ... okay on input line 27.
LaTeX Font Info:    Checking defaults for U/cmr/m/n on input line 27.
LaTeX Font Info:    ... okay on input line 27.
LaTeX Font Info:    Checking defaults for PD1/pdf/m/n on input line 27.
LaTeX Font Info:    ... okay on input line 27.
\symgns@font=\mathgroup4
LaTeX Font Info:    Overwriting symbol font `gns@font' in version `bold'
(Font)                  TS1/cmr/m/n --> TS1/cmr/b/n on input line 27.
Package gensymb Info: Math companion symbols declared on input line 27.
LaTeX Info: Redefining \degree on input line 27.
LaTeX Info: Redefining \celsius on input line 27.
Package gensymb Info: Using text companion symbols for \degree, \celsius and \p
erthousand on input line 27.
LaTeX Info: Redefining \ohm on input line 27.
Package gensymb Info: Using \textohm for \ohm on input line 27.
Package gensymb Info: Using \textmu for \micro on input line 27.

(/usr/local/texlive/2020/texmf-dist/tex/context/base/mkii/supp-pdf.mkii
[Loading MPS to PDF converter (version 2006.09.02).]
\scratchcounter=\count279
\scratchdimen=\dimen175
\scratchbox=\box52
\nofMPsegments=\count280
\nofMParguments=\count281
\everyMPshowfont=\toks26
\MPscratchCnt=\count282
\MPscratchDim=\dimen176
\MPnumerator=\count283
\makeMPintoPDFobject=\count284
\everyMPtoPDFconversion=\toks27
) (/usr/local/texlive/2020/texmf-dist/tex/latex/epstopdf-pkg/epstopdf-base.sty
Package: epstopdf-base 2020-01-24 v2.11 Base part for package epstopdf
Package epstopdf-base Info: Redefining graphics rule for `.eps' on input line 4
85.

(/usr/local/texlive/2020/texmf-dist/tex/latex/latexconfig/epstopdf-sys.cfg
File: epstopdf-sys.cfg 2010/07/13 v1.3 Configuration of (r)epstopdf for TeX Liv
e
))
Package caption Info: Begin \AtBeginDocument code.
Package caption Info: subfig package v1.3 is loaded.
Package caption Info: hyperref package is loaded.
Package caption Info: rotating package is loaded.
Package caption Info: wrapfig package is loaded.
Package caption Info: End \AtBeginDocument code.

*geometry* driver: auto-detecting
*geometry* detected driver: pdftex
*geometry* verbose mode - [ preamble ] result:
* driver: pdftex
* paper: letterpaper
* layout: <same size as paper>
* layoutoffset:(h,v)=(0.0pt,0.0pt)
* modes: 
* h-part:(L,W,R)=(72.26999pt, 469.75502pt, 72.26999pt)
* v-part:(T,H,B)=(72.26999pt, 650.43001pt, 72.26999pt)
* \paperwidth=614.295pt
* \paperheight=794.96999pt
* \textwidth=469.75502pt
* \textheight=650.43001pt
* \oddsidemargin=0.0pt
* \evensidemargin=0.0pt
* \topmargin=-37.0pt
* \headheight=12.0pt
* \headsep=25.0pt
* \topskip=10.0pt
* \footskip=30.0pt
* \marginparwidth=65.0pt
* \marginparsep=11.0pt
* \columnsep=10.0pt
* \skip\footins=9.0pt plus 4.0pt minus 2.0pt
* \hoffset=0.0pt
* \voffset=0.0pt
* \mag=1000
* \@twocolumnfalse
* \@twosidefalse
* \@mparswitchfalse
* \@reversemarginfalse
* (1in=72.27pt=25.4mm, 1cm=28.453pt)

\AtBeginShipoutBox=\box53
Package hyperref Info: Link coloring ON on input line 27.
(/usr/local/texlive/2020/texmf-dist/tex/latex/hyperref/nameref.sty
Package: nameref 2019/09/16 v2.46 Cross-referencing by name of section

(/usr/local/texlive/2020/texmf-dist/tex/latex/refcount/refcount.sty
Package: refcount 2019/12/15 v3.6 Data extraction from label references (HO)
)
(/usr/local/texlive/2020/texmf-dist/tex/generic/gettitlestring/gettitlestring.s
ty
Package: gettitlestring 2019/12/15 v1.6 Cleanup title references (HO)
)
\c@section@level=\count285
)
LaTeX Info: Redefining \ref on input line 27.
LaTeX Info: Redefining \pageref on input line 27.
LaTeX Info: Redefining \nameref on input line 27.
 (./figures_outline_d13.out) (./figures_outline_d13.out)
\@outlinefile=\write3
\openout3 = `figures_outline_d13.out'.

\openout2 = `titles/titles_d13.aux'.


(./titles/titles_d13.tex) [1


{/usr/local/texlive/2020/texmf-var/fonts/map/pdftex/updmap/pdftex.map}]
\openout2 = `abstract/abstract_d13.aux'.

 (./abstract/abstract_d13.tex) [2


]
\openout2 = `intro/intro_d13.aux'.

 (./intro/intro_d13.tex
[3


]) [4]
\openout2 = `exp_setup/exp_setup_d13.aux'.

 (./exp_setup/exp_setup_d13.tex [5


] [6]
</Users/clay/Documents/research/jgr20/manuscript/plots/experimental_configurati
on.pdf, id=116, 554.02779pt x 407.88889pt>
File: /Users/clay/Documents/research/jgr20/manuscript/plots/experimental_config
uration.pdf Graphic file (type pdf)
<use /Users/clay/Documents/research/jgr20/manuscript/plots/experimental_configu
ration.pdf>
Package pdftex.def Info: /Users/clay/Documents/research/jgr20/manuscript/plots/
experimental_configuration.pdf  used on input line 22.
(pdftex.def)             Requested size: 422.77664pt x 311.26845pt.
 [7 </Users/clay/Documents/research/jgr20/manuscript/plots/experimental_configu
ration.pdf>]
</Users/clay/Documents/research/jgr20/manuscript/plots/exp_daq_v1.pdf, id=143, 
564.01897pt x 234.08437pt>
File: /Users/clay/Documents/research/jgr20/manuscript/plots/exp_daq_v1.pdf Grap
hic file (type pdf)
<use /Users/clay/Documents/research/jgr20/manuscript/plots/exp_daq_v1.pdf>
Package pdftex.def Info: /Users/clay/Documents/research/jgr20/manuscript/plots/
exp_daq_v1.pdf  used on input line 31.
(pdftex.def)             Requested size: 422.77664pt x 175.46997pt.
 [8 </Users/clay/Documents/research/jgr20/manuscript/plots/exp_daq_v1.pdf>] [9]
</Users/clay/Documents/research/jgr20/manuscript/plots/exp_sequence_v2.pdf, id=
160, 794.97pt x 614.295pt>
File: /Users/clay/Documents/research/jgr20/manuscript/plots/exp_sequence_v2.pdf
 Graphic file (type pdf)
<use /Users/clay/Documents/research/jgr20/manuscript/plots/exp_sequence_v2.pdf>

Package pdftex.def Info: /Users/clay/Documents/research/jgr20/manuscript/plots/
exp_sequence_v2.pdf  used on input line 52.
(pdftex.def)             Requested size: 465.06004pt x 359.37518pt.
 [10 </Users/clay/Documents/research/jgr20/manuscript/plots/exp_sequence_v2.pdf
>] [11] [12]
</Users/clay/Documents/research/jgr20/manuscript/plots/xcor_fig_v3.pdf, id=265,
 794.97pt x 330.70753pt>
File: /Users/clay/Documents/research/jgr20/manuscript/plots/xcor_fig_v3.pdf Gra
phic file (type pdf)
<use /Users/clay/Documents/research/jgr20/manuscript/plots/xcor_fig_v3.pdf>
Package pdftex.def Info: /Users/clay/Documents/research/jgr20/manuscript/plots/
xcor_fig_v3.pdf  used on input line 87.
(pdftex.def)             Requested size: 422.77664pt x 175.87968pt.

[13 </Users/clay/Documents/research/jgr20/manuscript/plots/xcor_fig_v3.pdf>])
\openout2 = `results/results_d13.aux'.


(./results/results_d13.tex [14


] [15] [16]
</Users/clay/Documents/research/jgr20/manuscript/plots/NsVelRmsPerm_edit.pdf, i
d=626, 1620.5045pt x 1366.66211pt>
File: /Users/clay/Documents/research/jgr20/manuscript/plots/NsVelRmsPerm_edit.p
df Graphic file (type pdf)
<use /Users/clay/Documents/research/jgr20/manuscript/plots/NsVelRmsPerm_edit.pd
f>
Package pdftex.def Info: /Users/clay/Documents/research/jgr20/manuscript/plots/
NsVelRmsPerm_edit.pdf  used on input line 48.
(pdftex.def)             Requested size: 422.77664pt x 356.53328pt.
 [17 </Users/clay/Documents/research/jgr20/manuscript/plots/NsVelRmsPerm_edit.p
df>]
</Users/clay/Documents/research/jgr20/manuscript/plots/NS_p4975_run4.pdf, id=64
8, 1437.09271pt x 1140.61754pt>
File: /Users/clay/Documents/research/jgr20/manuscript/plots/NS_p4975_run4.pdf G
raphic file (type pdf)
<use /Users/clay/Documents/research/jgr20/manuscript/plots/NS_p4975_run4.pdf>
Package pdftex.def Info: /Users/clay/Documents/research/jgr20/manuscript/plots/
NS_p4975_run4.pdf  used on input line 57.
(pdftex.def)             Requested size: 469.75502pt x 372.83705pt.
 [18 </Users/clay/Documents/research/jgr20/manuscript/plots/NS_p4975_run4.pdf>]
</Users/clay/Documents/research/jgr20/manuscript/plots/plots_bowtie_p4975_run3b
_01Hz.pdf, id=674, 1271.49223pt x 972.96207pt>
File: /Users/clay/Documents/research/jgr20/manuscript/plots/plots_bowtie_p4975_
run3b_01Hz.pdf Graphic file (type pdf)
<use /Users/clay/Documents/research/jgr20/manuscript/plots/plots_bowtie_p4975_r
un3b_01Hz.pdf>
Package pdftex.def Info: /Users/clay/Documents/research/jgr20/manuscript/plots/
plots_bowtie_p4975_run3b_01Hz.pdf  used on input line 75.
(pdftex.def)             Requested size: 375.80544pt x 287.57063pt.
</Users/clay/Documents/research/jgr20/manuscript/plots/bowtie_p4975_run3b_01Hz_
v3.pdf, id=675, 806.14156pt x 199.12878pt>
File: /Users/clay/Documents/research/jgr20/manuscript/plots/bowtie_p4975_run3b_
01Hz_v3.pdf Graphic file (type pdf)
<use /Users/clay/Documents/research/jgr20/manuscript/plots/bowtie_p4975_run3b_0
1Hz_v3.pdf>
Package pdftex.def Info: /Users/clay/Documents/research/jgr20/manuscript/plots/
bowtie_p4975_run3b_01Hz_v3.pdf  used on input line 84.
(pdftex.def)             Requested size: 585.38303pt x 144.60013pt.
 [19 </Users/clay/Documents/research/jgr20/manuscript/plots/plots_bowtie_p4975_
run3b_01Hz.pdf>] [20 </Users/clay/Documents/research/jgr20/manuscript/plots/bow
tie_p4975_run3b_01Hz_v3.pdf>]
[21]
</Users/clay/Documents/research/jgr20/manuscript/plots/delk_amp_NS.pdf, id=4695
, 676.46164pt x 214.37779pt>
File: /Users/clay/Documents/research/jgr20/manuscript/plots/delk_amp_NS.pdf Gra
phic file (type pdf)
<use /Users/clay/Documents/research/jgr20/manuscript/plots/delk_amp_NS.pdf>
Package pdftex.def Info: /Users/clay/Documents/research/jgr20/manuscript/plots/
delk_amp_NS.pdf  used on input line 141.
(pdftex.def)             Requested size: 469.75502pt x 148.87273pt.
</Users/clay/Documents/research/jgr20/manuscript/plots/delk_amp_PP.pdf, id=4696
, 682.84486pt x 214.37779pt>
File: /Users/clay/Documents/research/jgr20/manuscript/plots/delk_amp_PP.pdf Gra
phic file (type pdf)
<use /Users/clay/Documents/research/jgr20/manuscript/plots/delk_amp_PP.pdf>
Package pdftex.def Info: /Users/clay/Documents/research/jgr20/manuscript/plots/
delk_amp_PP.pdf  used on input line 142.
(pdftex.def)             Requested size: 469.75502pt x 147.4825pt.
 [22

 </Users/clay/Documents/research/jgr20/manuscript/plots/delk_amp_NS.pdf> </User
s/clay/Documents/research/jgr20/manuscript/plots/delk_amp_PP.pdf

pdfTeX warning: /Library/TeX/texbin/pdflatex (file /Users/clay/Documents/resear
ch/jgr20/manuscript/plots/delk_amp_PP.pdf): PDF inclusion: multiple pdfs with p
age group included in a single page
>] [23

]
</Users/clay/Documents/research/jgr20/manuscript/plots/delc_amp_NS.pdf, id=4822
, 692.42754pt x 214.37779pt>
File: /Users/clay/Documents/research/jgr20/manuscript/plots/delc_amp_NS.pdf Gra
phic file (type pdf)
<use /Users/clay/Documents/research/jgr20/manuscript/plots/delc_amp_NS.pdf>
Package pdftex.def Info: /Users/clay/Documents/research/jgr20/manuscript/plots/
delc_amp_NS.pdf  used on input line 162.
(pdftex.def)             Requested size: 469.75502pt x 145.4413pt.
</Users/clay/Documents/research/jgr20/manuscript/plots/delc_amp_PP.pdf, id=4823
, 692.42754pt x 214.37779pt>
File: /Users/clay/Documents/research/jgr20/manuscript/plots/delc_amp_PP.pdf Gra
phic file (type pdf)
<use /Users/clay/Documents/research/jgr20/manuscript/plots/delc_amp_PP.pdf>
Package pdftex.def Info: /Users/clay/Documents/research/jgr20/manuscript/plots/
delc_amp_PP.pdf  used on input line 163.
(pdftex.def)             Requested size: 469.75502pt x 145.4413pt.
 [24

 </Users/clay/Documents/research/jgr20/manuscript/plots/delc_amp_NS.pdf> </User
s/clay/Documents/research/jgr20/manuscript/plots/delc_amp_PP.pdf

pdfTeX warning: /Library/TeX/texbin/pdflatex (file /Users/clay/Documents/resear
ch/jgr20/manuscript/plots/delc_amp_PP.pdf): PDF inclusion: multiple pdfs with p
age group included in a single page
>] [25

]
</Users/clay/Documents/research/jgr20/manuscript/plots/Delc_bypair_all_NS.pdf, 
id=4953, 615.32228pt x 838.77525pt>
File: /Users/clay/Documents/research/jgr20/manuscript/plots/Delc_bypair_all_NS.
pdf Graphic file (type pdf)
<use /Users/clay/Documents/research/jgr20/manuscript/plots/Delc_bypair_all_NS.p
df>
Package pdftex.def Info: /Users/clay/Documents/research/jgr20/manuscript/plots/
Delc_bypair_all_NS.pdf  used on input line 193.
(pdftex.def)             Requested size: 422.77664pt x 576.311pt.
 [26] [27 </Users/clay/Documents/research/jgr20/manuscript/plots/Delc_bypair_al
l_NS.pdf>]
</Users/clay/Documents/research/jgr20/manuscript/plots/Delc_bypair_all_PP.pdf, 
id=6571, 621.70862pt x 839.59209pt>
File: /Users/clay/Documents/research/jgr20/manuscript/plots/Delc_bypair_all_PP.
pdf Graphic file (type pdf)
<use /Users/clay/Documents/research/jgr20/manuscript/plots/Delc_bypair_all_PP.p
df>
Package pdftex.def Info: /Users/clay/Documents/research/jgr20/manuscript/plots/
Delc_bypair_all_PP.pdf  used on input line 202.
(pdftex.def)             Requested size: 422.77664pt x 570.95349pt.
 [28 </Users/clay/Documents/research/jgr20/manuscript/plots/Delc_bypair_all_PP.
pdf>]
</Users/clay/Documents/research/jgr20/manuscript/plots/avgDelc_All_ampsNS.pdf, 
id=8046, 694.51346pt x 213.37404pt>
File: /Users/clay/Documents/research/jgr20/manuscript/plots/avgDelc_All_ampsNS.
pdf Graphic file (type pdf)
<use /Users/clay/Documents/research/jgr20/manuscript/plots/avgDelc_All_ampsNS.p
df>
Package pdftex.def Info: /Users/clay/Documents/research/jgr20/manuscript/plots/
avgDelc_All_ampsNS.pdf  used on input line 212.
(pdftex.def)             Requested size: 469.75502pt x 144.32404pt.
</Users/clay/Documents/research/jgr20/manuscript/plots/avgDelc_All_ampsPP.pdf, 
id=8047, 694.51346pt x 213.37404pt>
File: /Users/clay/Documents/research/jgr20/manuscript/plots/avgDelc_All_ampsPP.
pdf Graphic file (type pdf)
<use /Users/clay/Documents/research/jgr20/manuscript/plots/avgDelc_All_ampsPP.p
df>
Package pdftex.def Info: /Users/clay/Documents/research/jgr20/manuscript/plots/
avgDelc_All_ampsPP.pdf  used on input line 213.
(pdftex.def)             Requested size: 469.75502pt x 144.32404pt.
 [29


 </Users/clay/Documents/research/jgr20/manuscript/plots/avgDelc_All_ampsNS.pdf>
 </Users/clay/Documents/research/jgr20/manuscript/plots/avgDelc_All_ampsPP.pdf

pdfTeX warning: /Library/TeX/texbin/pdflatex (file /Users/clay/Documents/resear
ch/jgr20/manuscript/plots/avgDelc_All_ampsPP.pdf): PDF inclusion: multiple pdfs
 with page group included in a single page
>] [30

]
</Users/clay/Documents/research/jgr20/manuscript/plots/delA_amp_NS.pdf, id=8160
, 686.04431pt x 214.37779pt>
File: /Users/clay/Documents/research/jgr20/manuscript/plots/delA_amp_NS.pdf Gra
phic file (type pdf)
<use /Users/clay/Documents/research/jgr20/manuscript/plots/delA_amp_NS.pdf>
Package pdftex.def Info: /Users/clay/Documents/research/jgr20/manuscript/plots/
delA_amp_NS.pdf  used on input line 241.
(pdftex.def)             Requested size: 469.75502pt x 146.79228pt.
</Users/clay/Documents/research/jgr20/manuscript/plots/delA_amp_PP.pdf, id=8161
, 686.04431pt x 214.37779pt>
File: /Users/clay/Documents/research/jgr20/manuscript/plots/delA_amp_PP.pdf Gra
phic file (type pdf)
<use /Users/clay/Documents/research/jgr20/manuscript/plots/delA_amp_PP.pdf>
Package pdftex.def Info: /Users/clay/Documents/research/jgr20/manuscript/plots/
delA_amp_PP.pdf  used on input line 242.
(pdftex.def)             Requested size: 469.75502pt x 146.79228pt.
 [31

 </Users/clay/Documents/research/jgr20/manuscript/plots/delA_amp_NS.pdf> </User
s/clay/Documents/research/jgr20/manuscript/plots/delA_amp_PP.pdf

pdfTeX warning: /Library/TeX/texbin/pdflatex (file /Users/clay/Documents/resear
ch/jgr20/manuscript/plots/delA_amp_PP.pdf): PDF inclusion: multiple pdfs with p
age group included in a single page
>]
</Users/clay/Documents/research/jgr20/manuscript/plots/avg_DelA_perm_NS.pdf, id
=8277, 688.13023pt x 213.37404pt>
File: /Users/clay/Documents/research/jgr20/manuscript/plots/avg_DelA_perm_NS.pd
f Graphic file (type pdf)
<use /Users/clay/Documents/research/jgr20/manuscript/plots/avg_DelA_perm_NS.pdf
>
Package pdftex.def Info: /Users/clay/Documents/research/jgr20/manuscript/plots/
avg_DelA_perm_NS.pdf  used on input line 254.
(pdftex.def)             Requested size: 469.75502pt x 145.65892pt.
</Users/clay/Documents/research/jgr20/manuscript/plots/avg_DelA_perm_PP.pdf, id
=8278, 688.13023pt x 213.37404pt>
File: /Users/clay/Documents/research/jgr20/manuscript/plots/avg_DelA_perm_PP.pd
f Graphic file (type pdf)
<use /Users/clay/Documents/research/jgr20/manuscript/plots/avg_DelA_perm_PP.pdf
>
Package pdftex.def Info: /Users/clay/Documents/research/jgr20/manuscript/plots/
avg_DelA_perm_PP.pdf  used on input line 255.
(pdftex.def)             Requested size: 469.75502pt x 145.65892pt.
 [32

 </Users/clay/Documents/research/jgr20/manuscript/plots/avg_DelA_perm_NS.pdf> <
/Users/clay/Documents/research/jgr20/manuscript/plots/avg_DelA_perm_PP.pdf

pdfTeX warning: /Library/TeX/texbin/pdflatex (file /Users/clay/Documents/resear
ch/jgr20/manuscript/plots/avg_DelA_perm_PP.pdf): PDF inclusion: multiple pdfs w
ith page group included in a single page
>] [33

]
</Users/clay/Documents/research/jgr20/manuscript/plots/dc_amp_NS.pdf, id=8392, 
684.02113pt x 214.37779pt>
File: /Users/clay/Documents/research/jgr20/manuscript/plots/dc_amp_NS.pdf Graph
ic file (type pdf)
<use /Users/clay/Documents/research/jgr20/manuscript/plots/dc_amp_NS.pdf>
Package pdftex.def Info: /Users/clay/Documents/research/jgr20/manuscript/plots/
dc_amp_NS.pdf  used on input line 288.
(pdftex.def)             Requested size: 469.75502pt x 147.22734pt.
</Users/clay/Documents/research/jgr20/manuscript/plots/dc_amp_PP.pdf, id=8393, 
684.02113pt x 214.37779pt>
File: /Users/clay/Documents/research/jgr20/manuscript/plots/dc_amp_PP.pdf Graph
ic file (type pdf)
<use /Users/clay/Documents/research/jgr20/manuscript/plots/dc_amp_PP.pdf>
Package pdftex.def Info: /Users/clay/Documents/research/jgr20/manuscript/plots/
dc_amp_PP.pdf  used on input line 289.
(pdftex.def)             Requested size: 469.75502pt x 147.22734pt.
) [34

 </Users/clay/Documents/research/jgr20/manuscript/plots/dc_amp_NS.pdf> </Users/
clay/Documents/research/jgr20/manuscript/plots/dc_amp_PP.pdf

pdfTeX warning: /Library/TeX/texbin/pdflatex (file /Users/clay/Documents/resear
ch/jgr20/manuscript/plots/dc_amp_PP.pdf): PDF inclusion: multiple pdfs with pag
e group included in a single page
>]
\openout2 = `conc/conc_d13.aux'.

 (./conc/conc_d13.tex) [35


]
\openout2 = `supp/supp_d13.aux'.

 (./supp/supp_d13.tex
</Users/clay/Documents/research/jgr20/manuscript/plots/permCalcPlots_tall_p4975
_run3b_1Hz.pdf, id=8513, 271.9237pt x 466.66411pt>
File: /Users/clay/Documents/research/jgr20/manuscript/plots/permCalcPlots_tall_
p4975_run3b_1Hz.pdf Graphic file (type pdf)
<use /Users/clay/Documents/research/jgr20/manuscript/plots/permCalcPlots_tall_p
4975_run3b_1Hz.pdf>
Package pdftex.def Info: /Users/clay/Documents/research/jgr20/manuscript/plots/
permCalcPlots_tall_p4975_run3b_1Hz.pdf  used on input line 15.
(pdftex.def)             Requested size: 187.89914pt x 322.46143pt.
 [36


 </Users/clay/Documents/research/jgr20/manuscript/plots/permCalcPlots_tall_p497
5_run3b_1Hz.pdf>]
</Users/clay/Documents/research/jgr20/manuscript/plots/Shearing_p4975_shr1.png,
 id=8532, 1734.48pt x 867.24pt>
File: /Users/clay/Documents/research/jgr20/manuscript/plots/Shearing_p4975_shr1
.png Graphic file (type png)
<use /Users/clay/Documents/research/jgr20/manuscript/plots/Shearing_p4975_shr1.
png>
Package pdftex.def Info: /Users/clay/Documents/research/jgr20/manuscript/plots/
Shearing_p4975_shr1.png  used on input line 49.
(pdftex.def)             Requested size: 469.75502pt x 234.87251pt.

[37 </Users/clay/Documents/research/jgr20/manuscript/plots/Shearing_p4975_shr1.
png>]
</Users/clay/Documents/research/jgr20/manuscript/plots/Shearing_p4975_shr2.png,
 id=8541, 1734.48pt x 867.24pt>
File: /Users/clay/Documents/research/jgr20/manuscript/plots/Shearing_p4975_shr2
.png Graphic file (type png)
<use /Users/clay/Documents/research/jgr20/manuscript/plots/Shearing_p4975_shr2.
png>
Package pdftex.def Info: /Users/clay/Documents/research/jgr20/manuscript/plots/
Shearing_p4975_shr2.png  used on input line 58.
(pdftex.def)             Requested size: 469.75502pt x 234.87251pt.
) [38 </Users/clay/Documents/research/jgr20/manuscript/plots/Shearing_p4975_shr
2.png>] (./figures_outline_d13.bbl)
Package atveryend Info: Empty hook `BeforeClearDocument' on input line 55.
 [39

]
Package atveryend Info: Empty hook `AfterLastShipout' on input line 55.
 (./figures_outline_d13.aux
(./titles/titles_d13.aux) (./abstract/abstract_d13.aux) (./intro/intro_d13.aux)
(./exp_setup/exp_setup_d13.aux) (./results/results_d13.aux)
(./conc/conc_d13.aux) (./supp/supp_d13.aux))
Package atveryend Info: Executing hook `AtVeryEndDocument' on input line 55.
Package atveryend Info: Executing hook `AtEndAfterFileList' on input line 55.
Package rerunfilecheck Info: File `figures_outline_d13.out' has not changed.
(rerunfilecheck)             Checksum: E191E518454A52936303475BD4DDFEA3;1090.
Package atveryend Info: Empty hook `AtVeryVeryEnd' on input line 55.
 ) 
Here is how much of TeX's memory you used:
 8709 strings out of 480608
 140157 string characters out of 5903631
 413508 words of memory out of 5000000
 24303 multiletter control sequences out of 15000+600000
 535669 words of font info for 35 fonts, out of 8000000 for 9000
 1141 hyphenation exceptions out of 8191
 50i,8n,48p,1851b,380s stack positions out of 5000i,500n,10000p,200000b,80000s
{/usr/local/texlive/2020/texmf-dist/fonts/enc/dvips/cm-super/cm-super-ts1.enc
}</usr/local/texlive/2020/texmf-dist/fonts/type1/public/amsfonts/cm/cmbx12.pfb>
</usr/local/texlive/2020/texmf-dist/fonts/type1/public/amsfonts/cm/cmmi10.pfb><
/usr/local/texlive/2020/texmf-dist/fonts/type1/public/amsfonts/cm/cmmi7.pfb></u
sr/local/texlive/2020/texmf-dist/fonts/type1/public/amsfonts/cm/cmr10.pfb></usr
/local/texlive/2020/texmf-dist/fonts/type1/public/amsfonts/cm/cmr5.pfb></usr/lo
cal/texlive/2020/texmf-dist/fonts/type1/public/amsfonts/cm/cmr7.pfb></usr/local
/texlive/2020/texmf-dist/fonts/type1/public/amsfonts/cm/cmsy10.pfb></usr/local/
texlive/2020/texmf-dist/fonts/type1/public/amsfonts/cm/cmsy7.pfb></usr/local/te
xlive/2020/texmf-dist/fonts/type1/public/amsfonts/cm/cmti10.pfb></usr/local/tex
live/2020/texmf-dist/fonts/type1/public/cm-super/sfrm0700.pfb></usr/local/texli
ve/2020/texmf-dist/fonts/type1/public/cm-super/sfrm1000.pfb>
Output written on figures_outline_d13.pdf (39 pages, 13034903 bytes).
PDF statistics:
 8617 PDF objects out of 8907 (max. 8388607)
 5451 compressed objects within 55 object streams
 104 named destinations out of 1000 (max. 500000)
 246 words of extra memory for PDF output out of 10000 (max. 10000000)

