This is pdfTeX, Version 3.14159265-2.6-1.40.20 (TeX Live 2019/Debian) (preloaded format=pdflatex 2020.2.7)  4 MAR 2020 08:28
entering extended mode
 restricted \write18 enabled.
 %&-line parsing enabled.
**figures_outline_d10.tex
(./figures_outline_d10.tex
LaTeX2e <2018-12-01>
(/usr/share/texlive/texmf-dist/tex/latex/base/article.cls
Document Class: article 2018/09/03 v1.4i Standard LaTeX document class
(/usr/share/texlive/texmf-dist/tex/latex/base/size10.clo
File: size10.clo 2018/09/03 v1.4i Standard LaTeX file (size option)
)
\c@part=\count80
\c@section=\count81
\c@subsection=\count82
\c@subsubsection=\count83
\c@paragraph=\count84
\c@subparagraph=\count85
\c@figure=\count86
\c@table=\count87
\abovecaptionskip=\skip41
\belowcaptionskip=\skip42
\bibindent=\dimen102
)
(/usr/share/texlive/texmf-dist/tex/latex/tools/tabularx.sty
Package: tabularx 2016/02/03 v2.11b `tabularx' package (DPC)

(/usr/share/texlive/texmf-dist/tex/latex/tools/array.sty
Package: array 2018/12/30 v2.4k Tabular extension package (FMi)
\col@sep=\dimen103
\ar@mcellbox=\box27
\extrarowheight=\dimen104
\NC@list=\toks14
\extratabsurround=\skip43
\backup@length=\skip44
\ar@cellbox=\box28
)
\TX@col@width=\dimen105
\TX@old@table=\dimen106
\TX@old@col=\dimen107
\TX@target=\dimen108
\TX@delta=\dimen109
\TX@cols=\count88
\TX@ftn=\toks15
)
(/usr/share/texlive/texmf-dist/tex/latex/base/textcomp.sty
Package: textcomp 2018/08/11 v2.0j Standard LaTeX package
Package textcomp Info: Sub-encoding information:
(textcomp)               5 = only ISO-Adobe without \textcurrency
(textcomp)               4 = 5 + \texteuro
(textcomp)               3 = 4 + \textohm
(textcomp)               2 = 3 + \textestimated + \textcurrency
(textcomp)               1 = TS1 - \textcircled - \t
(textcomp)               0 = TS1 (full)
(textcomp)             Font families with sub-encoding setting implement
(textcomp)             only a restricted character set as indicated.
(textcomp)             Family '?' is the default used for unknown fonts.
(textcomp)             See the documentation for details.
Package textcomp Info: Setting ? sub-encoding to TS1/1 on input line 79.

(/usr/share/texlive/texmf-dist/tex/latex/base/ts1enc.def
File: ts1enc.def 2001/06/05 v3.0e (jk/car/fm) Standard LaTeX file
Now handling font encoding TS1 ...
... processing UTF-8 mapping file for font encoding TS1

(/usr/share/texlive/texmf-dist/tex/latex/base/ts1enc.dfu
File: ts1enc.dfu 2018/10/05 v1.2f UTF-8 support for inputenc
   defining Unicode char U+00A2 (decimal 162)
   defining Unicode char U+00A3 (decimal 163)
   defining Unicode char U+00A4 (decimal 164)
   defining Unicode char U+00A5 (decimal 165)
   defining Unicode char U+00A6 (decimal 166)
   defining Unicode char U+00A7 (decimal 167)
   defining Unicode char U+00A8 (decimal 168)
   defining Unicode char U+00A9 (decimal 169)
   defining Unicode char U+00AA (decimal 170)
   defining Unicode char U+00AC (decimal 172)
   defining Unicode char U+00AE (decimal 174)
   defining Unicode char U+00AF (decimal 175)
   defining Unicode char U+00B0 (decimal 176)
   defining Unicode char U+00B1 (decimal 177)
   defining Unicode char U+00B2 (decimal 178)
   defining Unicode char U+00B3 (decimal 179)
   defining Unicode char U+00B4 (decimal 180)
   defining Unicode char U+00B5 (decimal 181)
   defining Unicode char U+00B6 (decimal 182)
   defining Unicode char U+00B7 (decimal 183)
   defining Unicode char U+00B9 (decimal 185)
   defining Unicode char U+00BA (decimal 186)
   defining Unicode char U+00BC (decimal 188)
   defining Unicode char U+00BD (decimal 189)
   defining Unicode char U+00BE (decimal 190)
   defining Unicode char U+00D7 (decimal 215)
   defining Unicode char U+00F7 (decimal 247)
   defining Unicode char U+0192 (decimal 402)
   defining Unicode char U+02C7 (decimal 711)
   defining Unicode char U+02D8 (decimal 728)
   defining Unicode char U+02DD (decimal 733)
   defining Unicode char U+0E3F (decimal 3647)
   defining Unicode char U+2016 (decimal 8214)
   defining Unicode char U+2020 (decimal 8224)
   defining Unicode char U+2021 (decimal 8225)
   defining Unicode char U+2022 (decimal 8226)
   defining Unicode char U+2030 (decimal 8240)
   defining Unicode char U+2031 (decimal 8241)
   defining Unicode char U+203B (decimal 8251)
   defining Unicode char U+203D (decimal 8253)
   defining Unicode char U+2044 (decimal 8260)
   defining Unicode char U+204E (decimal 8270)
   defining Unicode char U+2052 (decimal 8274)
   defining Unicode char U+20A1 (decimal 8353)
   defining Unicode char U+20A4 (decimal 8356)
   defining Unicode char U+20A6 (decimal 8358)
   defining Unicode char U+20A9 (decimal 8361)
   defining Unicode char U+20AB (decimal 8363)
   defining Unicode char U+20AC (decimal 8364)
   defining Unicode char U+20B1 (decimal 8369)
   defining Unicode char U+2103 (decimal 8451)
   defining Unicode char U+2116 (decimal 8470)
   defining Unicode char U+2117 (decimal 8471)
   defining Unicode char U+211E (decimal 8478)
   defining Unicode char U+2120 (decimal 8480)
   defining Unicode char U+2122 (decimal 8482)
   defining Unicode char U+2126 (decimal 8486)
   defining Unicode char U+2127 (decimal 8487)
   defining Unicode char U+212E (decimal 8494)
   defining Unicode char U+2190 (decimal 8592)
   defining Unicode char U+2191 (decimal 8593)
   defining Unicode char U+2192 (decimal 8594)
   defining Unicode char U+2193 (decimal 8595)
   defining Unicode char U+2329 (decimal 9001)
   defining Unicode char U+232A (decimal 9002)
   defining Unicode char U+2422 (decimal 9250)
   defining Unicode char U+25E6 (decimal 9702)
   defining Unicode char U+25EF (decimal 9711)
   defining Unicode char U+266A (decimal 9834)
   defining Unicode char U+FEFF (decimal 65279)
))
LaTeX Info: Redefining \oldstylenums on input line 334.
Package textcomp Info: Setting cmr sub-encoding to TS1/0 on input line 349.
Package textcomp Info: Setting cmss sub-encoding to TS1/0 on input line 350.
Package textcomp Info: Setting cmtt sub-encoding to TS1/0 on input line 351.
Package textcomp Info: Setting cmvtt sub-encoding to TS1/0 on input line 352.
Package textcomp Info: Setting cmbr sub-encoding to TS1/0 on input line 353.
Package textcomp Info: Setting cmtl sub-encoding to TS1/0 on input line 354.
Package textcomp Info: Setting ccr sub-encoding to TS1/0 on input line 355.
Package textcomp Info: Setting ptm sub-encoding to TS1/4 on input line 356.
Package textcomp Info: Setting pcr sub-encoding to TS1/4 on input line 357.
Package textcomp Info: Setting phv sub-encoding to TS1/4 on input line 358.
Package textcomp Info: Setting ppl sub-encoding to TS1/3 on input line 359.
Package textcomp Info: Setting pag sub-encoding to TS1/4 on input line 360.
Package textcomp Info: Setting pbk sub-encoding to TS1/4 on input line 361.
Package textcomp Info: Setting pnc sub-encoding to TS1/4 on input line 362.
Package textcomp Info: Setting pzc sub-encoding to TS1/4 on input line 363.
Package textcomp Info: Setting bch sub-encoding to TS1/4 on input line 364.
Package textcomp Info: Setting put sub-encoding to TS1/5 on input line 365.
Package textcomp Info: Setting uag sub-encoding to TS1/5 on input line 366.
Package textcomp Info: Setting ugq sub-encoding to TS1/5 on input line 367.
Package textcomp Info: Setting ul8 sub-encoding to TS1/4 on input line 368.
Package textcomp Info: Setting ul9 sub-encoding to TS1/4 on input line 369.
Package textcomp Info: Setting augie sub-encoding to TS1/5 on input line 370.
Package textcomp Info: Setting dayrom sub-encoding to TS1/3 on input line 371.
Package textcomp Info: Setting dayroms sub-encoding to TS1/3 on input line 372.

Package textcomp Info: Setting pxr sub-encoding to TS1/0 on input line 373.
Package textcomp Info: Setting pxss sub-encoding to TS1/0 on input line 374.
Package textcomp Info: Setting pxtt sub-encoding to TS1/0 on input line 375.
Package textcomp Info: Setting txr sub-encoding to TS1/0 on input line 376.
Package textcomp Info: Setting txss sub-encoding to TS1/0 on input line 377.
Package textcomp Info: Setting txtt sub-encoding to TS1/0 on input line 378.
Package textcomp Info: Setting lmr sub-encoding to TS1/0 on input line 379.
Package textcomp Info: Setting lmdh sub-encoding to TS1/0 on input line 380.
Package textcomp Info: Setting lmss sub-encoding to TS1/0 on input line 381.
Package textcomp Info: Setting lmssq sub-encoding to TS1/0 on input line 382.
Package textcomp Info: Setting lmvtt sub-encoding to TS1/0 on input line 383.
Package textcomp Info: Setting lmtt sub-encoding to TS1/0 on input line 384.
Package textcomp Info: Setting qhv sub-encoding to TS1/0 on input line 385.
Package textcomp Info: Setting qag sub-encoding to TS1/0 on input line 386.
Package textcomp Info: Setting qbk sub-encoding to TS1/0 on input line 387.
Package textcomp Info: Setting qcr sub-encoding to TS1/0 on input line 388.
Package textcomp Info: Setting qcs sub-encoding to TS1/0 on input line 389.
Package textcomp Info: Setting qpl sub-encoding to TS1/0 on input line 390.
Package textcomp Info: Setting qtm sub-encoding to TS1/0 on input line 391.
Package textcomp Info: Setting qzc sub-encoding to TS1/0 on input line 392.
Package textcomp Info: Setting qhvc sub-encoding to TS1/0 on input line 393.
Package textcomp Info: Setting futs sub-encoding to TS1/4 on input line 394.
Package textcomp Info: Setting futx sub-encoding to TS1/4 on input line 395.
Package textcomp Info: Setting futj sub-encoding to TS1/4 on input line 396.
Package textcomp Info: Setting hlh sub-encoding to TS1/3 on input line 397.
Package textcomp Info: Setting hls sub-encoding to TS1/3 on input line 398.
Package textcomp Info: Setting hlst sub-encoding to TS1/3 on input line 399.
Package textcomp Info: Setting hlct sub-encoding to TS1/5 on input line 400.
Package textcomp Info: Setting hlx sub-encoding to TS1/5 on input line 401.
Package textcomp Info: Setting hlce sub-encoding to TS1/5 on input line 402.
Package textcomp Info: Setting hlcn sub-encoding to TS1/5 on input line 403.
Package textcomp Info: Setting hlcw sub-encoding to TS1/5 on input line 404.
Package textcomp Info: Setting hlcf sub-encoding to TS1/5 on input line 405.
Package textcomp Info: Setting pplx sub-encoding to TS1/3 on input line 406.
Package textcomp Info: Setting pplj sub-encoding to TS1/3 on input line 407.
Package textcomp Info: Setting ptmx sub-encoding to TS1/4 on input line 408.
Package textcomp Info: Setting ptmj sub-encoding to TS1/4 on input line 409.
)
(/usr/share/texlive/texmf-dist/tex/latex/was/gensymb.sty
Package: gensymb 2003/07/02 v1.0 (WaS)
)
(/usr/share/texlive/texmf-dist/tex/latex/amsmath/amsmath.sty
Package: amsmath 2018/12/01 v2.17b AMS math features
\@mathmargin=\skip45

For additional information on amsmath, use the `?' option.
(/usr/share/texlive/texmf-dist/tex/latex/amsmath/amstext.sty
Package: amstext 2000/06/29 v2.01 AMS text

(/usr/share/texlive/texmf-dist/tex/latex/amsmath/amsgen.sty
File: amsgen.sty 1999/11/30 v2.0 generic functions
\@emptytoks=\toks16
\ex@=\dimen110
))
(/usr/share/texlive/texmf-dist/tex/latex/amsmath/amsbsy.sty
Package: amsbsy 1999/11/29 v1.2d Bold Symbols
\pmbraise@=\dimen111
)
(/usr/share/texlive/texmf-dist/tex/latex/amsmath/amsopn.sty
Package: amsopn 2016/03/08 v2.02 operator names
)
\inf@bad=\count89
LaTeX Info: Redefining \frac on input line 223.
\uproot@=\count90
\leftroot@=\count91
LaTeX Info: Redefining \overline on input line 385.
\classnum@=\count92
\DOTSCASE@=\count93
LaTeX Info: Redefining \ldots on input line 482.
LaTeX Info: Redefining \dots on input line 485.
LaTeX Info: Redefining \cdots on input line 606.
\Mathstrutbox@=\box29
\strutbox@=\box30
\big@size=\dimen112
LaTeX Font Info:    Redeclaring font encoding OML on input line 729.
LaTeX Font Info:    Redeclaring font encoding OMS on input line 730.
\macc@depth=\count94
\c@MaxMatrixCols=\count95
\dotsspace@=\muskip10
\c@parentequation=\count96
\dspbrk@lvl=\count97
\tag@help=\toks17
\row@=\count98
\column@=\count99
\maxfields@=\count100
\andhelp@=\toks18
\eqnshift@=\dimen113
\alignsep@=\dimen114
\tagshift@=\dimen115
\tagwidth@=\dimen116
\totwidth@=\dimen117
\lineht@=\dimen118
\@envbody=\toks19
\multlinegap=\skip46
\multlinetaggap=\skip47
\mathdisplay@stack=\toks20
LaTeX Info: Redefining \[ on input line 2844.
LaTeX Info: Redefining \] on input line 2845.
)
(/usr/share/texlive/texmf-dist/tex/latex/graphics/graphicx.sty
Package: graphicx 2017/06/01 v1.1a Enhanced LaTeX Graphics (DPC,SPQR)

(/usr/share/texlive/texmf-dist/tex/latex/graphics/keyval.sty
Package: keyval 2014/10/28 v1.15 key=value parser (DPC)
\KV@toks@=\toks21
)
(/usr/share/texlive/texmf-dist/tex/latex/graphics/graphics.sty
Package: graphics 2017/06/25 v1.2c Standard LaTeX Graphics (DPC,SPQR)

(/usr/share/texlive/texmf-dist/tex/latex/graphics/trig.sty
Package: trig 2016/01/03 v1.10 sin cos tan (DPC)
)
(/usr/share/texlive/texmf-dist/tex/latex/graphics-cfg/graphics.cfg
File: graphics.cfg 2016/06/04 v1.11 sample graphics configuration
)
Package graphics Info: Driver file: pdftex.def on input line 99.

(/usr/share/texlive/texmf-dist/tex/latex/graphics-def/pdftex.def
File: pdftex.def 2018/01/08 v1.0l Graphics/color driver for pdftex
))
\Gin@req@height=\dimen119
\Gin@req@width=\dimen120
)
(/usr/share/texlive/texmf-dist/tex/latex/subfig/subfig.sty
Package: subfig 2005/06/28 ver: 1.3 subfig package

(/usr/share/texlive/texmf-dist/tex/latex/caption/caption.sty
Package: caption 2018/10/06 v3.3-154 Customizing captions (AR)

(/usr/share/texlive/texmf-dist/tex/latex/caption/caption3.sty
Package: caption3 2018/09/12 v1.8c caption3 kernel (AR)
Package caption3 Info: TeX engine: e-TeX on input line 64.
\captionmargin=\dimen121
\captionmargin@=\dimen122
\captionwidth=\dimen123
\caption@tempdima=\dimen124
\caption@indent=\dimen125
\caption@parindent=\dimen126
\caption@hangindent=\dimen127
)
\c@caption@flags=\count101
\c@ContinuedFloat=\count102
)
\c@KVtest=\count103
\sf@farskip=\skip48
\sf@captopadj=\dimen128
\sf@capskip=\skip49
\sf@nearskip=\skip50
\c@subfigure=\count104
\c@subfigure@save=\count105
\c@lofdepth=\count106
\c@subtable=\count107
\c@subtable@save=\count108
\c@lotdepth=\count109
\sf@top=\skip51
\sf@bottom=\skip52
)
(/usr/share/texlive/texmf-dist/tex/latex/wrapfig/wrapfig.sty
\wrapoverhang=\dimen129
\WF@size=\dimen130
\c@WF@wrappedlines=\count110
\WF@box=\box31
\WF@everypar=\toks22
Package: wrapfig 2003/01/31  v 3.6
)
(/usr/share/texlive/texmf-dist/tex/latex/xcolor/xcolor.sty
Package: xcolor 2016/05/11 v2.12 LaTeX color extensions (UK)

(/usr/share/texlive/texmf-dist/tex/latex/graphics-cfg/color.cfg
File: color.cfg 2016/01/02 v1.6 sample color configuration
)
Package xcolor Info: Driver file: pdftex.def on input line 225.
Package xcolor Info: Model `cmy' substituted by `cmy0' on input line 1348.
Package xcolor Info: Model `hsb' substituted by `rgb' on input line 1352.
Package xcolor Info: Model `RGB' extended on input line 1364.
Package xcolor Info: Model `HTML' substituted by `rgb' on input line 1366.
Package xcolor Info: Model `Hsb' substituted by `hsb' on input line 1367.
Package xcolor Info: Model `tHsb' substituted by `hsb' on input line 1368.
Package xcolor Info: Model `HSB' substituted by `hsb' on input line 1369.
Package xcolor Info: Model `Gray' substituted by `gray' on input line 1370.
Package xcolor Info: Model `wave' substituted by `hsb' on input line 1371.
)
(/usr/share/texlive/texmf-dist/tex/latex/graphics/rotating.sty
Package: rotating 2016/08/11 v2.16d rotated objects in LaTeX

(/usr/share/texlive/texmf-dist/tex/latex/base/ifthen.sty
Package: ifthen 2014/09/29 v1.1c Standard LaTeX ifthen package (DPC)
)
\c@r@tfl@t=\count111
\rotFPtop=\skip53
\rotFPbot=\skip54
\rot@float@box=\box32
\rot@mess@toks=\toks23
)
(/usr/share/texlive/texmf-dist/tex/latex/geometry/geometry.sty
Package: geometry 2018/04/16 v5.8 Page Geometry

(/usr/share/texlive/texmf-dist/tex/generic/oberdiek/ifpdf.sty
Package: ifpdf 2018/09/07 v3.3 Provides the ifpdf switch
)
(/usr/share/texlive/texmf-dist/tex/generic/oberdiek/ifvtex.sty
Package: ifvtex 2016/05/16 v1.6 Detect VTeX and its facilities (HO)
Package ifvtex Info: VTeX not detected.
)
(/usr/share/texlive/texmf-dist/tex/generic/ifxetex/ifxetex.sty
Package: ifxetex 2010/09/12 v0.6 Provides ifxetex conditional
)
\Gm@cnth=\count112
\Gm@cntv=\count113
\c@Gm@tempcnt=\count114
\Gm@bindingoffset=\dimen131
\Gm@wd@mp=\dimen132
\Gm@odd@mp=\dimen133
\Gm@even@mp=\dimen134
\Gm@layoutwidth=\dimen135
\Gm@layoutheight=\dimen136
\Gm@layouthoffset=\dimen137
\Gm@layoutvoffset=\dimen138
\Gm@dimlist=\toks24
)
(/usr/share/texlive/texmf-dist/tex/latex/cite/cite.sty
LaTeX Info: Redefining \cite on input line 302.
LaTeX Info: Redefining \nocite on input line 332.
Package: cite 2015/02/27  v 5.5
)
(/usr/share/texlive/texmf-dist/tex/latex/hyperref/hyperref.sty
Package: hyperref 2018/11/30 v6.88e Hypertext links for LaTeX

(/usr/share/texlive/texmf-dist/tex/generic/oberdiek/hobsub-hyperref.sty
Package: hobsub-hyperref 2016/05/16 v1.14 Bundle oberdiek, subset hyperref (HO)


(/usr/share/texlive/texmf-dist/tex/generic/oberdiek/hobsub-generic.sty
Package: hobsub-generic 2016/05/16 v1.14 Bundle oberdiek, subset generic (HO)
Package: hobsub 2016/05/16 v1.14 Construct package bundles (HO)
Package: infwarerr 2016/05/16 v1.4 Providing info/warning/error messages (HO)
Package: ltxcmds 2016/05/16 v1.23 LaTeX kernel commands for general use (HO)
Package: ifluatex 2016/05/16 v1.4 Provides the ifluatex switch (HO)
Package ifluatex Info: LuaTeX not detected.
Package hobsub Info: Skipping package `ifvtex' (already loaded).
Package: intcalc 2016/05/16 v1.2 Expandable calculations with integers (HO)
Package hobsub Info: Skipping package `ifpdf' (already loaded).
Package: etexcmds 2016/05/16 v1.6 Avoid name clashes with e-TeX commands (HO)
Package: kvsetkeys 2016/05/16 v1.17 Key value parser (HO)
Package: kvdefinekeys 2016/05/16 v1.4 Define keys (HO)
Package: pdftexcmds 2018/09/10 v0.29 Utility functions of pdfTeX for LuaTeX (HO
)
Package pdftexcmds Info: LuaTeX not detected.
Package pdftexcmds Info: \pdf@primitive is available.
Package pdftexcmds Info: \pdf@ifprimitive is available.
Package pdftexcmds Info: \pdfdraftmode found.
Package: pdfescape 2016/05/16 v1.14 Implements pdfTeX's escape features (HO)
Package: bigintcalc 2016/05/16 v1.4 Expandable calculations on big integers (HO
)
Package: bitset 2016/05/16 v1.2 Handle bit-vector datatype (HO)
Package: uniquecounter 2016/05/16 v1.3 Provide unlimited unique counter (HO)
)
Package hobsub Info: Skipping package `hobsub' (already loaded).
Package: letltxmacro 2016/05/16 v1.5 Let assignment for LaTeX macros (HO)
Package: hopatch 2016/05/16 v1.3 Wrapper for package hooks (HO)
Package: xcolor-patch 2016/05/16 xcolor patch
Package: atveryend 2016/05/16 v1.9 Hooks at the very end of document (HO)
Package atveryend Info: \enddocument detected (standard20110627).
Package: atbegshi 2016/06/09 v1.18 At begin shipout hook (HO)
Package: refcount 2016/05/16 v3.5 Data extraction from label references (HO)
Package: hycolor 2016/05/16 v1.8 Color options for hyperref/bookmark (HO)
)
(/usr/share/texlive/texmf-dist/tex/latex/oberdiek/auxhook.sty
Package: auxhook 2016/05/16 v1.4 Hooks for auxiliary files (HO)
)
(/usr/share/texlive/texmf-dist/tex/latex/oberdiek/kvoptions.sty
Package: kvoptions 2016/05/16 v3.12 Key value format for package options (HO)
)
\@linkdim=\dimen139
\Hy@linkcounter=\count115
\Hy@pagecounter=\count116

(/usr/share/texlive/texmf-dist/tex/latex/hyperref/pd1enc.def
File: pd1enc.def 2018/11/30 v6.88e Hyperref: PDFDocEncoding definition (HO)
Now handling font encoding PD1 ...
... no UTF-8 mapping file for font encoding PD1
)
\Hy@SavedSpaceFactor=\count117

(/usr/share/texlive/texmf-dist/tex/latex/latexconfig/hyperref.cfg
File: hyperref.cfg 2002/06/06 v1.2 hyperref configuration of TeXLive
)
Package hyperref Info: Option `final' set `true' on input line 4393.
Package hyperref Info: Hyper figures OFF on input line 4519.
Package hyperref Info: Link nesting OFF on input line 4524.
Package hyperref Info: Hyper index ON on input line 4527.
Package hyperref Info: Plain pages OFF on input line 4534.
Package hyperref Info: Backreferencing OFF on input line 4539.
Package hyperref Info: Implicit mode ON; LaTeX internals redefined.
Package hyperref Info: Bookmarks ON on input line 4772.
\c@Hy@tempcnt=\count118

(/usr/share/texlive/texmf-dist/tex/latex/url/url.sty
\Urlmuskip=\muskip11
Package: url 2013/09/16  ver 3.4  Verb mode for urls, etc.
)
LaTeX Info: Redefining \url on input line 5125.
\XeTeXLinkMargin=\dimen140
\Fld@menulength=\count119
\Field@Width=\dimen141
\Fld@charsize=\dimen142
Package hyperref Info: Hyper figures OFF on input line 6380.
Package hyperref Info: Link nesting OFF on input line 6385.
Package hyperref Info: Hyper index ON on input line 6388.
Package hyperref Info: backreferencing OFF on input line 6395.
Package hyperref Info: Link coloring OFF on input line 6400.
Package hyperref Info: Link coloring with OCG OFF on input line 6405.
Package hyperref Info: PDF/A mode OFF on input line 6410.
LaTeX Info: Redefining \ref on input line 6450.
LaTeX Info: Redefining \pageref on input line 6454.
\Hy@abspage=\count120
\c@Item=\count121
\c@Hfootnote=\count122
)
Package hyperref Info: Driver (autodetected): hpdftex.

(/usr/share/texlive/texmf-dist/tex/latex/hyperref/hpdftex.def
File: hpdftex.def 2018/11/30 v6.88e Hyperref driver for pdfTeX
\Fld@listcount=\count123
\c@bookmark@seq@number=\count124

(/usr/share/texlive/texmf-dist/tex/latex/oberdiek/rerunfilecheck.sty
Package: rerunfilecheck 2016/05/16 v1.8 Rerun checks for auxiliary files (HO)
Package uniquecounter Info: New unique counter `rerunfilecheck' on input line 2
82.
)
\Hy@SectionHShift=\skip55
)
Package hyperref Info: Option `colorlinks' set `true' on input line 22.

(./figures_outline_d10.aux

LaTeX Warning: Label `fig:delc_plots2' multiply defined.


LaTeX Warning: Label `fig:cdot_amp' multiply defined.

)
\openout1 = `figures_outline_d10.aux'.

LaTeX Font Info:    Checking defaults for OML/cmm/m/it on input line 26.
LaTeX Font Info:    ... okay on input line 26.
LaTeX Font Info:    Checking defaults for T1/cmr/m/n on input line 26.
LaTeX Font Info:    ... okay on input line 26.
LaTeX Font Info:    Checking defaults for OT1/cmr/m/n on input line 26.
LaTeX Font Info:    ... okay on input line 26.
LaTeX Font Info:    Checking defaults for OMS/cmsy/m/n on input line 26.
LaTeX Font Info:    ... okay on input line 26.
LaTeX Font Info:    Checking defaults for OMX/cmex/m/n on input line 26.
LaTeX Font Info:    ... okay on input line 26.
LaTeX Font Info:    Checking defaults for U/cmr/m/n on input line 26.
LaTeX Font Info:    ... okay on input line 26.
LaTeX Font Info:    Checking defaults for TS1/cmr/m/n on input line 26.
LaTeX Font Info:    Try loading font information for TS1+cmr on input line 26.
 (/usr/share/texlive/texmf-dist/tex/latex/base/ts1cmr.fd
File: ts1cmr.fd 2014/09/29 v2.5h Standard LaTeX font definitions
)
LaTeX Font Info:    ... okay on input line 26.
LaTeX Font Info:    Checking defaults for PD1/pdf/m/n on input line 26.
LaTeX Font Info:    ... okay on input line 26.
\symgns@font=\mathgroup4
LaTeX Font Info:    Overwriting symbol font `gns@font' in version `bold'
(Font)                  TS1/cmr/m/n --> TS1/cmr/bx/n on input line 26.
Package gensymb Info: Math companion symbols declared on input line 26.
LaTeX Info: Redefining \degree on input line 26.
LaTeX Info: Redefining \celsius on input line 26.
Package gensymb Info: Using text companion symbols for \degree, \celsius and \p
erthousand on input line 26.
LaTeX Info: Redefining \ohm on input line 26.
Package gensymb Info: Using \textohm for \ohm on input line 26.
Package gensymb Info: Using \textmu for \micro on input line 26.

(/usr/share/texlive/texmf-dist/tex/context/base/mkii/supp-pdf.mkii
[Loading MPS to PDF converter (version 2006.09.02).]
\scratchcounter=\count125
\scratchdimen=\dimen143
\scratchbox=\box33
\nofMPsegments=\count126
\nofMParguments=\count127
\everyMPshowfont=\toks25
\MPscratchCnt=\count128
\MPscratchDim=\dimen144
\MPnumerator=\count129
\makeMPintoPDFobject=\count130
\everyMPtoPDFconversion=\toks26
) (/usr/share/texlive/texmf-dist/tex/latex/oberdiek/epstopdf-base.sty
Package: epstopdf-base 2016/05/15 v2.6 Base part for package epstopdf

(/usr/share/texlive/texmf-dist/tex/latex/oberdiek/grfext.sty
Package: grfext 2016/05/16 v1.2 Manage graphics extensions (HO)
)
Package epstopdf-base Info: Redefining graphics rule for `.eps' on input line 4
38.
Package grfext Info: Graphics extension search list:
(grfext)             [.pdf,.png,.jpg,.mps,.jpeg,.jbig2,.jb2,.PDF,.PNG,.JPG,.JPE
G,.JBIG2,.JB2,.eps]
(grfext)             \AppendGraphicsExtensions on input line 456.

(/usr/share/texlive/texmf-dist/tex/latex/latexconfig/epstopdf-sys.cfg
File: epstopdf-sys.cfg 2010/07/13 v1.3 Configuration of (r)epstopdf for TeX Liv
e
))
Package caption Info: Begin \AtBeginDocument code.
Package caption Info: subfig package v1.3 is loaded.
Package caption Info: hyperref package is loaded.
Package caption Info: rotating package is loaded.
Package caption Info: wrapfig package is loaded.
Package caption Info: End \AtBeginDocument code.

*geometry* driver: auto-detecting
*geometry* detected driver: pdftex
*geometry* verbose mode - [ preamble ] result:
* driver: pdftex
* paper: letterpaper
* layout: <same size as paper>
* layoutoffset:(h,v)=(0.0pt,0.0pt)
* modes: 
* h-part:(L,W,R)=(72.26999pt, 469.75502pt, 72.26999pt)
* v-part:(T,H,B)=(72.26999pt, 650.43001pt, 72.26999pt)
* \paperwidth=614.295pt
* \paperheight=794.96999pt
* \textwidth=469.75502pt
* \textheight=650.43001pt
* \oddsidemargin=0.0pt
* \evensidemargin=0.0pt
* \topmargin=-37.0pt
* \headheight=12.0pt
* \headsep=25.0pt
* \topskip=10.0pt
* \footskip=30.0pt
* \marginparwidth=65.0pt
* \marginparsep=11.0pt
* \columnsep=10.0pt
* \skip\footins=9.0pt plus 4.0pt minus 2.0pt
* \hoffset=0.0pt
* \voffset=0.0pt
* \mag=1000
* \@twocolumnfalse
* \@twosidefalse
* \@mparswitchfalse
* \@reversemarginfalse
* (1in=72.27pt=25.4mm, 1cm=28.453pt)

\AtBeginShipoutBox=\box34
Package hyperref Info: Link coloring ON on input line 26.
(/usr/share/texlive/texmf-dist/tex/latex/hyperref/nameref.sty
Package: nameref 2016/05/21 v2.44 Cross-referencing by name of section

(/usr/share/texlive/texmf-dist/tex/generic/oberdiek/gettitlestring.sty
Package: gettitlestring 2016/05/16 v1.5 Cleanup title references (HO)
)
\c@section@level=\count131
)
LaTeX Info: Redefining \ref on input line 26.
LaTeX Info: Redefining \pageref on input line 26.
LaTeX Info: Redefining \nameref on input line 26.

(./figures_outline_d10.out) (./figures_outline_d10.out)
\@outlinefile=\write3
\openout3 = `figures_outline_d10.out'.

 [1

{/var/lib/texmf/fonts/map/pdftex/updmap/pdftex.map}] [2] [3] [4]
</home/clay/Documents/research/jgr20/manuscript/plots/exp_config.pdf, id=97, 55
3.31265pt x 339.839pt>
File: /home/clay/Documents/research/jgr20/manuscript/plots/exp_config.pdf Graph
ic file (type pdf)
<use /home/clay/Documents/research/jgr20/manuscript/plots/exp_config.pdf>
Package pdftex.def Info: /home/clay/Documents/research/jgr20/manuscript/plots/e
xp_config.pdf  used on input line 92.
(pdftex.def)             Requested size: 422.77664pt x 259.67522pt.
 [5 </home/clay/Documents/research/jgr20/manuscript/plots/exp_config.pdf>]
</home/clay/Documents/research/jgr20/manuscript/plots/exp_daq_v1.pdf, id=112, 5
64.01897pt x 234.08437pt>
File: /home/clay/Documents/research/jgr20/manuscript/plots/exp_daq_v1.pdf Graph
ic file (type pdf)
<use /home/clay/Documents/research/jgr20/manuscript/plots/exp_daq_v1.pdf>
Package pdftex.def Info: /home/clay/Documents/research/jgr20/manuscript/plots/e
xp_daq_v1.pdf  used on input line 101.
(pdftex.def)             Requested size: 422.77664pt x 175.46997pt.
 [6 </home/clay/Documents/research/jgr20/manuscript/plots/exp_daq_v1.pdf>] [7]
</home/clay/Documents/research/jgr20/manuscript/plots/exp_sequence.pdf, id=142,
 794.97pt x 614.295pt>
File: /home/clay/Documents/research/jgr20/manuscript/plots/exp_sequence.pdf Gra
phic file (type pdf)
<use /home/clay/Documents/research/jgr20/manuscript/plots/exp_sequence.pdf>
Package pdftex.def Info: /home/clay/Documents/research/jgr20/manuscript/plots/e
xp_sequence.pdf  used on input line 136.
(pdftex.def)             Requested size: 469.75502pt x 363.00267pt.
 [8 </home/clay/Documents/research/jgr20/manuscript/plots/exp_sequence.pdf>] [9
]
</home/clay/Documents/research/jgr20/manuscript/plots/xcor_fig_v3.pdf, id=219, 
794.97pt x 330.70753pt>
File: /home/clay/Documents/research/jgr20/manuscript/plots/xcor_fig_v3.pdf Grap
hic file (type pdf)
<use /home/clay/Documents/research/jgr20/manuscript/plots/xcor_fig_v3.pdf>
Package pdftex.def Info: /home/clay/Documents/research/jgr20/manuscript/plots/x
cor_fig_v3.pdf  used on input line 155.
(pdftex.def)             Requested size: 422.77664pt x 175.87968pt.
 [10 </home/clay/Documents/research/jgr20/manuscript/plots/xcor_fig_v3.pdf>]
</home/clay/Documents/research/jgr20/manuscript/plots/permCalcPlots_tall_p4975_
run3b_1Hz.pdf, id=547, 299.28531pt x 578.16pt>
File: /home/clay/Documents/research/jgr20/manuscript/plots/permCalcPlots_tall_p
4975_run3b_1Hz.pdf Graphic file (type pdf)
<use /home/clay/Documents/research/jgr20/manuscript/plots/permCalcPlots_tall_p4
975_run3b_1Hz.pdf>
Package pdftex.def Info: /home/clay/Documents/research/jgr20/manuscript/plots/p
ermCalcPlots_tall_p4975_run3b_1Hz.pdf  used on input line 167.
(pdftex.def)             Requested size: 234.8775pt x 453.7331pt.
 [11 </home/clay/Documents/research/jgr20/manuscript/plots/permCalcPlots_tall_p
4975_run3b_1Hz.pdf>]
</home/clay/Documents/research/jgr20/manuscript/plots/NsPpaKexp_edit.pdf, id=57
0, 1430.07799pt x 704.10704pt>
File: /home/clay/Documents/research/jgr20/manuscript/plots/NsPpaKexp_edit.pdf G
raphic file (type pdf)
<use /home/clay/Documents/research/jgr20/manuscript/plots/NsPpaKexp_edit.pdf>
Package pdftex.def Info: /home/clay/Documents/research/jgr20/manuscript/plots/N
sPpaKexp_edit.pdf  used on input line 176.
(pdftex.def)             Requested size: 422.77664pt x 208.15027pt.
 [12 </home/clay/Documents/research/jgr20/manuscript/plots/NsPpaKexp_edit.pdf>]
</home/clay/Documents/research/jgr20/manuscript/plots/NS_p4975_run3b_01Hz.pdf, 
id=594, 1734.48pt x 1156.32pt>
File: /home/clay/Documents/research/jgr20/manuscript/plots/NS_p4975_run3b_01Hz.
pdf Graphic file (type pdf)
<use /home/clay/Documents/research/jgr20/manuscript/plots/NS_p4975_run3b_01Hz.p
df>
Package pdftex.def Info: /home/clay/Documents/research/jgr20/manuscript/plots/N
S_p4975_run3b_01Hz.pdf  used on input line 185.
(pdftex.def)             Requested size: 422.77664pt x 281.84525pt.
</home/clay/Documents/research/jgr20/manuscript/plots/NSbowtie_p4975_run3b_01Hz
_Cycle19.pdf, id=595, 505.89pt x 218.09605pt>
File: /home/clay/Documents/research/jgr20/manuscript/plots/NSbowtie_p4975_run3b
_01Hz_Cycle19.pdf Graphic file (type pdf)
<use /home/clay/Documents/research/jgr20/manuscript/plots/NSbowtie_p4975_run3b_
01Hz_Cycle19.pdf>
Package pdftex.def Info: /home/clay/Documents/research/jgr20/manuscript/plots/N
Sbowtie_p4975_run3b_01Hz_Cycle19.pdf  used on input line 186.
(pdftex.def)             Requested size: 375.80544pt x 162.0175pt.
 [13 </home/clay/Documents/research/jgr20/manuscript/plots/NS_p4975_run3b_01Hz.
pdf> </home/clay/Documents/research/jgr20/manuscript/plots/NSbowtie_p4975_run3b
_01Hz_Cycle19.pdf

pdfTeX warning: /usr/bin/pdflatex (file /home/clay/Documents/research/jgr20/man
uscript/plots/NSbowtie_p4975_run3b_01Hz_Cycle19.pdf): PDF inclusion: multiple p
dfs with page group included in a single page
>]
</home/clay/Documents/research/jgr20/manuscript/plots/Delc_all_NS_all.pdf, id=6
713, 771.00424pt x 659.15933pt>
File: /home/clay/Documents/research/jgr20/manuscript/plots/Delc_all_NS_all.pdf 
Graphic file (type pdf)
<use /home/clay/Documents/research/jgr20/manuscript/plots/Delc_all_NS_all.pdf>
Package pdftex.def Info: /home/clay/Documents/research/jgr20/manuscript/plots/D
elc_all_NS_all.pdf  used on input line 232.
(pdftex.def)             Requested size: 469.75502pt x 401.60382pt.
 [14 </home/clay/Documents/research/jgr20/manuscript/plots/Delc_all_NS_all.pdf>
]
</home/clay/Documents/research/jgr20/manuscript/plots/Delc_all_PP_all.pdf, id=8
291, 771.00424pt x 659.15933pt>
File: /home/clay/Documents/research/jgr20/manuscript/plots/Delc_all_PP_all.pdf 
Graphic file (type pdf)
<use /home/clay/Documents/research/jgr20/manuscript/plots/Delc_all_PP_all.pdf>
Package pdftex.def Info: /home/clay/Documents/research/jgr20/manuscript/plots/D
elc_all_PP_all.pdf  used on input line 243.
(pdftex.def)             Requested size: 469.75502pt x 401.60382pt.
 [15 </home/clay/Documents/research/jgr20/manuscript/plots/Delc_all_PP_all.pdf>
]
</home/clay/Documents/research/jgr20/manuscript/plots/avgDelc_all_NS.pdf, id=97
40, 695.61603pt x 213.05034pt>
File: /home/clay/Documents/research/jgr20/manuscript/plots/avgDelc_all_NS.pdf G
raphic file (type pdf)
<use /home/clay/Documents/research/jgr20/manuscript/plots/avgDelc_all_NS.pdf>
Package pdftex.def Info: /home/clay/Documents/research/jgr20/manuscript/plots/a
vgDelc_all_NS.pdf  used on input line 254.
(pdftex.def)             Requested size: 469.75502pt x 143.87753pt.
</home/clay/Documents/research/jgr20/manuscript/plots/avgDelc_all_PP.pdf, id=97
41, 695.61603pt x 213.05034pt>
File: /home/clay/Documents/research/jgr20/manuscript/plots/avgDelc_all_PP.pdf G
raphic file (type pdf)
<use /home/clay/Documents/research/jgr20/manuscript/plots/avgDelc_all_PP.pdf>
Package pdftex.def Info: /home/clay/Documents/research/jgr20/manuscript/plots/a
vgDelc_all_PP.pdf  used on input line 255.
(pdftex.def)             Requested size: 469.75502pt x 143.87753pt.
 [16 </home/clay/Documents/research/jgr20/manuscript/plots/avgDelc_all_NS.pdf> 
</home/clay/Documents/research/jgr20/manuscript/plots/avgDelc_all_PP.pdf

pdfTeX warning: /usr/bin/pdflatex (file /home/clay/Documents/research/jgr20/man
uscript/plots/avgDelc_all_PP.pdf): PDF inclusion: multiple pdfs with page group
 included in a single page
>]
</home/clay/Documents/research/jgr20/manuscript/plots/Cdot_NS_amp.pdf, id=11076
, 589.42554pt x 209.44044pt>
File: /home/clay/Documents/research/jgr20/manuscript/plots/Cdot_NS_amp.pdf Grap
hic file (type pdf)
<use /home/clay/Documents/research/jgr20/manuscript/plots/Cdot_NS_amp.pdf>
Package pdftex.def Info: /home/clay/Documents/research/jgr20/manuscript/plots/C
dot_NS_amp.pdf  used on input line 273.
(pdftex.def)             Requested size: 469.75502pt x 166.9198pt.
</home/clay/Documents/research/jgr20/manuscript/plots/Cdot_PP_amp.pdf, id=11077
, 574.62807pt x 208.17284pt>
File: /home/clay/Documents/research/jgr20/manuscript/plots/Cdot_PP_amp.pdf Grap
hic file (type pdf)
<use /home/clay/Documents/research/jgr20/manuscript/plots/Cdot_PP_amp.pdf>
Package pdftex.def Info: /home/clay/Documents/research/jgr20/manuscript/plots/C
dot_PP_amp.pdf  used on input line 274.
(pdftex.def)             Requested size: 469.75502pt x 170.1787pt.
 [17 </home/clay/Documents/research/jgr20/manuscript/plots/Cdot_NS_amp.pdf> </h
ome/clay/Documents/research/jgr20/manuscript/plots/Cdot_PP_amp.pdf

pdfTeX warning: /usr/bin/pdflatex (file /home/clay/Documents/research/jgr20/man
uscript/plots/Cdot_PP_amp.pdf): PDF inclusion: multiple pdfs with page group in
cluded in a single page
>]
</home/clay/Documents/research/jgr20/manuscript/plots/Cdot_NS_freq.pdf, id=1201
6, 589.42554pt x 208.67714pt>
File: /home/clay/Documents/research/jgr20/manuscript/plots/Cdot_NS_freq.pdf Gra
phic file (type pdf)
<use /home/clay/Documents/research/jgr20/manuscript/plots/Cdot_NS_freq.pdf>
Package pdftex.def Info: /home/clay/Documents/research/jgr20/manuscript/plots/C
dot_NS_freq.pdf  used on input line 288.
(pdftex.def)             Requested size: 469.75502pt x 166.31146pt.
</home/clay/Documents/research/jgr20/manuscript/plots/Cdot_PP_freq.pdf, id=1201
7, 575.82346pt x 209.52887pt>
File: /home/clay/Documents/research/jgr20/manuscript/plots/Cdot_PP_freq.pdf Gra
phic file (type pdf)
<use /home/clay/Documents/research/jgr20/manuscript/plots/Cdot_PP_freq.pdf>
Package pdftex.def Info: /home/clay/Documents/research/jgr20/manuscript/plots/C
dot_PP_freq.pdf  used on input line 289.
(pdftex.def)             Requested size: 469.75502pt x 170.93556pt.
 [18 </home/clay/Documents/research/jgr20/manuscript/plots/Cdot_NS_freq.pdf> </
home/clay/Documents/research/jgr20/manuscript/plots/Cdot_PP_freq.pdf

pdfTeX warning: /usr/bin/pdflatex (file /home/clay/Documents/research/jgr20/man
uscript/plots/Cdot_PP_freq.pdf): PDF inclusion: multiple pdfs with page group i
ncluded in a single page
>]
</home/clay/Documents/research/jgr20/manuscript/plots/Dc_NS_amp.pdf, id=12950, 
581.01442pt x 209.51503pt>
File: /home/clay/Documents/research/jgr20/manuscript/plots/Dc_NS_amp.pdf Graphi
c file (type pdf)
<use /home/clay/Documents/research/jgr20/manuscript/plots/Dc_NS_amp.pdf>
Package pdftex.def Info: /home/clay/Documents/research/jgr20/manuscript/plots/D
c_NS_amp.pdf  used on input line 307.
(pdftex.def)             Requested size: 469.75502pt x 169.39612pt.
</home/clay/Documents/research/jgr20/manuscript/plots/Dc_PP_amp.pdf, id=12951, 
581.01442pt x 208.3573pt>
File: /home/clay/Documents/research/jgr20/manuscript/plots/Dc_PP_amp.pdf Graphi
c file (type pdf)
<use /home/clay/Documents/research/jgr20/manuscript/plots/Dc_PP_amp.pdf>
Package pdftex.def Info: /home/clay/Documents/research/jgr20/manuscript/plots/D
c_PP_amp.pdf  used on input line 308.
(pdftex.def)             Requested size: 469.75502pt x 168.46008pt.
 [19 </home/clay/Documents/research/jgr20/manuscript/plots/Dc_NS_amp.pdf> </hom
e/clay/Documents/research/jgr20/manuscript/plots/Dc_PP_amp.pdf

pdfTeX warning: /usr/bin/pdflatex (file /home/clay/Documents/research/jgr20/man
uscript/plots/Dc_PP_amp.pdf): PDF inclusion: multiple pdfs with page group incl
uded in a single page
>]
Package atveryend Info: Empty hook `BeforeClearDocument' on input line 338.
 [20]
Package atveryend Info: Empty hook `AfterLastShipout' on input line 338.
 (./figures_outline_d10.aux)
Package atveryend Info: Executing hook `AtVeryEndDocument' on input line 338.
Package atveryend Info: Executing hook `AtEndAfterFileList' on input line 338.
Package rerunfilecheck Info: File `figures_outline_d10.out' has not changed.
(rerunfilecheck)             Checksum: 072C917B62387F09F3E693D8A1C91AA9;931.


LaTeX Warning: There were multiply-defined labels.

Package atveryend Info: Empty hook `AtVeryVeryEnd' on input line 338.
 ) 
Here is how much of TeX's memory you used:
 8728 strings out of 494553
 133860 string characters out of 6177378
 228637 words of memory out of 5000000
 12236 multiletter control sequences out of 15000+600000
 7330 words of font info for 26 fonts, out of 8000000 for 9000
 14 hyphenation exceptions out of 8191
 44i,8n,42p,1817b,327s stack positions out of 5000i,500n,10000p,200000b,80000s
 </home/clay/.texlive2019/texmf-var/fonts/pk/ljfour/jknappen/ec/tcrm0700.600p
k> </home/clay/.texlive2019/texmf-var/fonts/pk/ljfour/jknappen/ec/tcrm1000.600p
k></usr/share/texlive/texmf-dist/fonts/type1/public/amsfonts/cm/cmbx12.pfb></us
r/share/texlive/texmf-dist/fonts/type1/public/amsfonts/cm/cmbxti10.pfb></usr/sh
are/texlive/texmf-dist/fonts/type1/public/amsfonts/cm/cmmi10.pfb></usr/share/te
xlive/texmf-dist/fonts/type1/public/amsfonts/cm/cmmi7.pfb></usr/share/texlive/t
exmf-dist/fonts/type1/public/amsfonts/cm/cmr10.pfb></usr/share/texlive/texmf-di
st/fonts/type1/public/amsfonts/cm/cmr5.pfb></usr/share/texlive/texmf-dist/fonts
/type1/public/amsfonts/cm/cmr7.pfb></usr/share/texlive/texmf-dist/fonts/type1/p
ublic/amsfonts/cm/cmsy10.pfb></usr/share/texlive/texmf-dist/fonts/type1/public/
amsfonts/cm/cmsy7.pfb></usr/share/texlive/texmf-dist/fonts/type1/public/amsfont
s/cm/cmti10.pfb>
Output written on figures_outline_d10.pdf (20 pages, 9105705 bytes).
PDF statistics:
 13973 PDF objects out of 15390 (max. 8388607)
 9266 compressed objects within 93 object streams
 61 named destinations out of 1000 (max. 500000)
 195 words of extra memory for PDF output out of 10000 (max. 10000000)

