This is pdfTeX, Version 3.14159265-2.6-1.40.21 (TeX Live 2020) (preloaded format=pdflatex 2020.4.7)  9 DEC 2020 22:22
entering extended mode
 restricted \write18 enabled.
 %&-line parsing enabled.
**supporting_info.tex
(./supporting_info.tex
LaTeX2e <2020-02-02> patch level 5
L3 programming layer <2020-03-06> (./agutexSI2019.cls


 AGUTeX Journal Style, American Geophysical Union 
 This version is dated January 14, 2019


Document Class: agutexSI2019 01/14/2019
\c@chapter=\count167
\c@section=\count168
\c@subsection=\count169
\c@subsubsection=\count170
\c@figure=\count171
\c@table=\count172
\mathindent=\dimen134
\abovefigcaptionskip=\skip47
\abovetabcaptionskip=\skip48
\abovetableskip=\skip49
\belowtabcaptionskip=\dimen135
\landscapebox=\box45
\c@plate=\count173
\savecurrtable=\box46
\abovetabularskip=\skip50
\belowtabularskip=\skip51
\timing=\count174
\hourcount=\count175
\oldtime=\count176
\totpages=\count177
\belowtitleskip=\dimen136
\abovesubtitleskip=\dimen137
\belowsubtitleskip=\dimen138
\aboveauthorskip=\dimen139
\belowauthorskip=\dimen140
\thanksnum=\count178
\dothanks=\count179
\thankscounter=\count180
\titlethanksnum=\count181
\dotitlethanks=\count182
\titlethankscounter=\count183
\thanksnum=\count184
\dothanks=\count185
\thankscounter=\count186
\authorwidth=\dimen141
\authorbaselineskip=\dimen142
\aboveaffilskip=\dimen143
\belowaffilskip=\dimen144
\affilwidth=\dimen145
\aboveabstractskip=\dimen146
\belowabstractskip=\dimen147
\belowabstractnameskip=\dimen148
\abstractmargin=\dimen149
\abovereceivedskip=\skip52
\aboverevisedskip=\skip53
\aboveacceptedskip=\skip54
\abovepublishededskip=\skip55
\barticle=\box47
\thanksbox=\box48
\titlethanksbox=\box49
\c@appendnum=\count187
\footnum=\count188
\savefootnum=\count189
\ackskip=\skip56
\saveparskip=\dimen150
\captionskip=\dimen151
\PushOneColTopFig=\dimen152
\PushOneColBotFig=\dimen153
\PushOneColTopTab=\dimen154
\PushOneColBotTab=\dimen155
\PushTwoColTopFig=\dimen156
\PushTwoColBotFig=\dimen157
\PushTwoColTopTab=\dimen158
\PushTwoColBotTab=\dimen159
\intextfloatskip=\skip57
\c@appfigure=\count190
\c@apptable=\count191
\c@appplate=\count192
\checkforspace=\dimen160
\savetopinsert=\box50
\savebotinsert=\box51
\secondsavetopinsert=\box52
\secondsavebotinsert=\box53
\firstcolbox=\box54
\secondcolbox=\box55
\thefirstbox=\box56
\thesecondbox=\box57
\firstcol=\dimen161
\secondcol=\dimen162
\checkheight=\dimen163
\loopnum=\count193
\firstcolsavefignum=\count194
\footnotebox=\box58
\ColUsed=\dimen164
\FigSpace=\dimen165
\testdblbotins=\box59
\pageloopnum=\count195
\endcolsavetopinsert=\box60
\endcolsavebotinsert=\box61
\testpagesize=\box62
\savelastskip=\dimen166
\partialpage=\box63
\figandtabnumber=\count196
\figandtabbox=\box64
\pagefloatnumber=\count197
\sizeoffloat=\box65
\bogus=\count198
\figinsert=\insert199
\herebox=\box66
\endfigbox=\box67
\spanbox=\box68
\dbltopins=\box69
\dblbotins=\box70
\dblbotskip=\skip58
\dblfigandtabnumber=\count266
\dblfigandtabbox=\box71
\dblloopnum=\count267
\savedblfigandtabnumber=\count268
\dblspanherebox=\box72
\bigpagenum=\count269
\littlepagenum=\count270
\wholepagenum=\count271
\@cprtype=\count272
\@slugcmmntwidth=\dimen167
\affilnum=\count273
\totalaffils=\count274
\figcount=\count275
\saveequation=\count276
\c@currlett=\count277
\notationwidth=\dimen168
\betweennotationskip=\skip59
\WidestEntry=\dimen169
\premulticols=\dimen170
\page@free=\dimen171
\partial@page=\box73
\multicoltolerance=\count278
\doublecol@number=\count279
\multicolbaselineskip=\skip60
\c@collectmore=\count280
\loopcount=\count281
\fixdimen=\dimen172
\c@unbalance=\count282
\savedimen=\dimen173
\savehsize=\dimen174
\mycolumnwidth=\dimen175
\saveparindent=\dimen176
\saveparskip=\dimen177
\abstractwidth=\dimen178
\currlastnumber=\count283
\altaffilbox=\box74
\sectskip=\skip61
\belowsectionskip=\skip62
\subsectskip=\skip63
\belowsubsectskip=\skip64
\subsubsectskip=\skip65
\belowsubsubsectskip=\skip66
\c@subsubsubsection=\count284
\captionwidth=\dimen179
\widecaptionwidth=\dimen180
\landscapecaptionwidth=\dimen181
\@temptokenb=\toks15
(/usr/local/texlive/2020/texmf-dist/tex/latex/apacite/apacite.sty
Package: apacite 2013/07/21 v6.03 APA citation
\c@BibCnt=\count285
\bibleftmargin=\skip67
\bibindent=\skip68
\bibparsep=\skip69
\bibitemsep=\skip70
\biblabelsep=\skip71
)
(/usr/local/texlive/2020/texmf-dist/tex/latex/url/url.sty
\Urlmuskip=\muskip16
Package: url 2013/09/16  ver 3.4  Verb mode for urls, etc.
)
\beforeendskip=\skip72



 JGRGA style option, October 1, 2001,
 \documentclass[jgrga]{AGUTeX}
 ``Journal of Geophysical Research'', 
 Published by American Geophysical Union


\titlesize=\dimen182
) (/usr/local/texlive/2020/texmf-dist/tex/latex/graphics/graphicx.sty
Package: graphicx 2019/11/30 v1.2a Enhanced LaTeX Graphics (DPC,SPQR)

(/usr/local/texlive/2020/texmf-dist/tex/latex/graphics/keyval.sty
Package: keyval 2014/10/28 v1.15 key=value parser (DPC)
\KV@toks@=\toks16
)
(/usr/local/texlive/2020/texmf-dist/tex/latex/graphics/graphics.sty
Package: graphics 2019/11/30 v1.4a Standard LaTeX Graphics (DPC,SPQR)

(/usr/local/texlive/2020/texmf-dist/tex/latex/graphics/trig.sty
Package: trig 2016/01/03 v1.10 sin cos tan (DPC)
)
(/usr/local/texlive/2020/texmf-dist/tex/latex/graphics-cfg/graphics.cfg
File: graphics.cfg 2016/06/04 v1.11 sample graphics configuration
)
Package graphics Info: Driver file: pdftex.def on input line 105.

(/usr/local/texlive/2020/texmf-dist/tex/latex/graphics-def/pdftex.def
File: pdftex.def 2018/01/08 v1.0l Graphics/color driver for pdftex
))
\Gin@req@height=\dimen183
\Gin@req@width=\dimen184
)
(/usr/local/texlive/2020/texmf-dist/tex/latex/l3backend/l3backend-pdfmode.def
File: l3backend-pdfmode.def 2020-03-12 L3 backend support: PDF mode
\l__kernel_color_stack_int=\count286
\l__pdf_internal_box=\box75
)
(./supporting_info.aux)
\openout1 = `supporting_info.aux'.

LaTeX Font Info:    Checking defaults for OML/cmm/m/it on input line 32.
LaTeX Font Info:    ... okay on input line 32.
LaTeX Font Info:    Checking defaults for OMS/cmsy/m/n on input line 32.
LaTeX Font Info:    ... okay on input line 32.
LaTeX Font Info:    Checking defaults for OT1/cmr/m/n on input line 32.
LaTeX Font Info:    ... okay on input line 32.
LaTeX Font Info:    Checking defaults for T1/cmr/m/n on input line 32.
LaTeX Font Info:    ... okay on input line 32.
LaTeX Font Info:    Checking defaults for TS1/cmr/m/n on input line 32.
LaTeX Font Info:    ... okay on input line 32.
LaTeX Font Info:    Checking defaults for OMX/cmex/m/n on input line 32.
LaTeX Font Info:    ... okay on input line 32.
LaTeX Font Info:    Checking defaults for U/cmr/m/n on input line 32.
LaTeX Font Info:    ... okay on input line 32.
\c@maskedRefs=\count287

(/usr/local/texlive/2020/texmf-dist/tex/latex/apacite/english.apc
File: english.apc 2013/07/21 v6.03 apacite language file
LaTeX Info: Redefining \BPBI on input line 129.
LaTeX Info: Redefining \BHBI on input line 130.
)
(/usr/local/texlive/2020/texmf-dist/tex/context/base/mkii/supp-pdf.mkii
[Loading MPS to PDF converter (version 2006.09.02).]
\scratchcounter=\count288
\scratchdimen=\dimen185
\scratchbox=\box76
\nofMPsegments=\count289
\nofMParguments=\count290
\everyMPshowfont=\toks17
\MPscratchCnt=\count291
\MPscratchDim=\dimen186
\MPnumerator=\count292
\makeMPintoPDFobject=\count293
\everyMPtoPDFconversion=\toks18
) (/usr/local/texlive/2020/texmf-dist/tex/latex/epstopdf-pkg/epstopdf-base.sty
Package: epstopdf-base 2020-01-24 v2.11 Base part for package epstopdf
Package epstopdf-base Info: Redefining graphics rule for `.eps' on input line 4
85.

(/usr/local/texlive/2020/texmf-dist/tex/latex/latexconfig/epstopdf-sys.cfg
File: epstopdf-sys.cfg 2010/07/13 v1.3 Configuration of (r)epstopdf for TeX Liv
e
))
LaTeX Font Info:    External font `cmex10' loaded for size
(Font)              <12> on input line 50.
LaTeX Font Info:    External font `cmex10' loaded for size
(Font)              <8> on input line 50.
LaTeX Font Info:    External font `cmex10' loaded for size
(Font)              <6> on input line 50.
LaTeX Font Info:    External font `cmex10' loaded for size
(Font)              <5> on input line 52.

[1{/usr/local/texlive/2020/texmf-var/fonts/map/pdftex/updmap/pdftex.map}

]
[2]

! LaTeX Error: File `permCalcPlots_tall_p4975_run3b_1Hz' not found.

See the LaTeX manual or LaTeX Companion for explanation.
Type  H <return>  for immediate help.
 ...                                              
                                                  
l.95 ...width]{permCalcPlots_tall_p4975_run3b_1Hz}
                                                  
I could not locate the file with any of these extensions:
.pdf,.png,.jpg,.mps,.jpeg,.jbig2,.jb2,.PDF,.PNG,.JPG,.JPEG,.JBIG2,.JB2,.eps
Try typing  <return>  to proceed.
If that doesn't work, type  X <return>  to quit.

[3]

! LaTeX Error: File `Shearing_p4975_shr1' not found.

See the LaTeX manual or LaTeX Companion for explanation.
Type  H <return>  for immediate help.
 ...                                              
                                                  
l.104 ...width=1\columnwidth]{Shearing_p4975_shr1}
                                                  
I could not locate the file with any of these extensions:
.pdf,.png,.jpg,.mps,.jpeg,.jbig2,.jb2,.PDF,.PNG,.JPG,.JPEG,.JBIG2,.JB2,.eps
Try typing  <return>  to proceed.
If that doesn't work, type  X <return>  to quit.


! LaTeX Error: File `Shearing_p4975_shr2' not found.

See the LaTeX manual or LaTeX Companion for explanation.
Type  H <return>  for immediate help.
 ...                                              
                                                  
l.113 ...width=1\columnwidth]{Shearing_p4975_shr2}
                                                  
I could not locate the file with any of these extensions:
.pdf,.png,.jpg,.mps,.jpeg,.jbig2,.jb2,.PDF,.PNG,.JPG,.JPEG,.JBIG2,.JB2,.eps
Try typing  <return>  to proceed.
If that doesn't work, type  X <return>  to quit.


! LaTeX Error: File `bowtie_p4975_run3b_01Hz_v3_portrait' not found.

See the LaTeX manual or LaTeX Companion for explanation.
Type  H <return>  for immediate help.
 ...                                              
                                                  
l.122 ...dth]{bowtie_p4975_run3b_01Hz_v3_portrait}
                                                  
I could not locate the file with any of these extensions:
.pdf,.png,.jpg,.mps,.jpeg,.jbig2,.jb2,.PDF,.PNG,.JPG,.JPEG,.JBIG2,.JB2,.eps
Try typing  <return>  to proceed.
If that doesn't work, type  X <return>  to quit.


! LaTeX Error: File `delA_amp_NS' not found.

See the LaTeX manual or LaTeX Companion for explanation.
Type  H <return>  for immediate help.
 ...                                              
                                                  
l.131 ...raphics[width=1\columnwidth]{delA_amp_NS}
                                                  
I could not locate the file with any of these extensions:
.pdf,.png,.jpg,.mps,.jpeg,.jbig2,.jb2,.PDF,.PNG,.JPG,.JPEG,.JBIG2,.JB2,.eps
Try typing  <return>  to proceed.
If that doesn't work, type  X <return>  to quit.


! LaTeX Error: File `delA_amp_PP' not found.

See the LaTeX manual or LaTeX Companion for explanation.
Type  H <return>  for immediate help.
 ...                                              
                                                  
l.132 ...raphics[width=1\columnwidth]{delA_amp_PP}
                                                  
I could not locate the file with any of these extensions:
.pdf,.png,.jpg,.mps,.jpeg,.jbig2,.jb2,.PDF,.PNG,.JPG,.JPEG,.JBIG2,.JB2,.eps
Try typing  <return>  to proceed.
If that doesn't work, type  X <return>  to quit.


! LaTeX Error: File `avg_DelA_perm_NS' not found.

See the LaTeX manual or LaTeX Companion for explanation.
Type  H <return>  for immediate help.
 ...                                              
                                                  
l.141 ...cs[width=1\columnwidth]{avg_DelA_perm_NS}
                                                  
I could not locate the file with any of these extensions:
.pdf,.png,.jpg,.mps,.jpeg,.jbig2,.jb2,.PDF,.PNG,.JPG,.JPEG,.JBIG2,.JB2,.eps
Try typing  <return>  to proceed.
If that doesn't work, type  X <return>  to quit.


! LaTeX Error: File `avg_DelA_perm_PP' not found.

See the LaTeX manual or LaTeX Companion for explanation.
Type  H <return>  for immediate help.
 ...                                              
                                                  
l.142 ...cs[width=1\columnwidth]{avg_DelA_perm_PP}
                                                  
I could not locate the file with any of these extensions:
.pdf,.png,.jpg,.mps,.jpeg,.jbig2,.jb2,.PDF,.PNG,.JPG,.JPEG,.JBIG2,.JB2,.eps
Try typing  <return>  to proceed.
If that doesn't work, type  X <return>  to quit.

[4






] [5] (./supporting_info.aux)

LaTeX Warning: Label(s) may have changed. Rerun to get cross-references right.

 ) 
Here is how much of TeX's memory you used:
 2518 strings out of 480608
 35190 string characters out of 5903631
 288046 words of memory out of 5000000
 18423 multiletter control sequences out of 15000+600000
 541668 words of font info for 55 fonts, out of 8000000 for 9000
 1141 hyphenation exceptions out of 8191
 30i,6n,25p,1411b,317s stack positions out of 5000i,500n,10000p,200000b,80000s
</usr/local/texlive/2020/texmf-dist/fonts/type1/public/amsfonts/cm/cmbx12.pfb
></usr/local/texlive/2020/texmf-dist/fonts/type1/public/amsfonts/cm/cmmi12.pfb>
</usr/local/texlive/2020/texmf-dist/fonts/type1/public/amsfonts/cm/cmmi8.pfb></
usr/local/texlive/2020/texmf-dist/fonts/type1/public/amsfonts/cm/cmr10.pfb></us
r/local/texlive/2020/texmf-dist/fonts/type1/public/amsfonts/cm/cmr12.pfb></usr/
local/texlive/2020/texmf-dist/fonts/type1/public/amsfonts/cm/cmr6.pfb></usr/loc
al/texlive/2020/texmf-dist/fonts/type1/public/amsfonts/cm/cmr8.pfb></usr/local/
texlive/2020/texmf-dist/fonts/type1/public/amsfonts/cm/cmsy10.pfb></usr/local/t
exlive/2020/texmf-dist/fonts/type1/public/amsfonts/cm/cmtt12.pfb>
Output written on supporting_info.pdf (5 pages, 108376 bytes).
PDF statistics:
 56 PDF objects out of 1000 (max. 8388607)
 39 compressed objects within 1 object stream
 0 named destinations out of 1000 (max. 500000)
 1 words of extra memory for PDF output out of 10000 (max. 10000000)

